[GIN] 2025/03/12 - 11:02:26 | 200 |     117.885µs |       127.0.0.1 | GET      "/api/providers"
[GIN-debug] [WARNING] Running in "debug" mode. Switch to "release" mode in production.
 - using env:	export GIN_MODE=release
 - using code:	gin.SetMode(gin.ReleaseMode)

[GIN-debug] GET    /api/providers            --> github.com/multi-cloud-landing-zone/backend/controllers.GetProviders (5 handlers)
[GIN-debug] GET    /api/regions/:provider    --> github.com/multi-cloud-landing-zone/backend/controllers.GetRegions (5 handlers)
[GIN-debug] GET    /api/azs/:provider/:region --> github.com/multi-cloud-landing-zone/backend/controllers.GetAvailabilityZones (5 handlers)
[GIN-debug] GET    /api/components/:provider/:region --> github.com/multi-cloud-landing-zone/backend/controllers.GetComponents (5 handlers)
[GIN-debug] POST   /api/deploy               --> github.com/multi-cloud-landing-zone/backend/controllers.StartDeployment (5 handlers)
[GIN-debug] GET    /api/deployment/status    --> github.com/multi-cloud-landing-zone/backend/controllers.GetDeploymentStatus (5 handlers)
[GIN-debug] [WARNING] You trusted all proxies, this is NOT safe. We recommend you to set a value.
Please check https://pkg.go.dev/github.com/gin-gonic/gin#readme-don-t-trust-all-proxies for details.
[GIN-debug] Listening and serving HTTP on :3000
[GIN-debug] [WARNING] Running in "debug" mode. Switch to "release" mode in production.
 - using env:	export GIN_MODE=release
 - using code:	gin.SetMode(gin.ReleaseMode)

[GIN-debug] GET    /api/providers            --> github.com/multi-cloud-landing-zone/backend/controllers.GetProviders (5 handlers)
[GIN-debug] GET    /api/regions/:provider    --> github.com/multi-cloud-landing-zone/backend/controllers.GetRegions (5 handlers)
[GIN-debug] GET    /api/azs/:provider/:region --> github.com/multi-cloud-landing-zone/backend/controllers.GetAvailabilityZones (5 handlers)
[GIN-debug] GET    /api/components/:provider/:region --> github.com/multi-cloud-landing-zone/backend/controllers.GetComponents (5 handlers)
[GIN-debug] POST   /api/deploy               --> github.com/multi-cloud-landing-zone/backend/controllers.StartDeployment (5 handlers)
[GIN-debug] GET    /api/deployment/status    --> github.com/multi-cloud-landing-zone/backend/controllers.GetDeploymentStatus (5 handlers)
[GIN-debug] [WARNING] You trusted all proxies, this is NOT safe. We recommend you to set a value.
Please check https://pkg.go.dev/github.com/gin-gonic/gin#readme-don-t-trust-all-proxies for details.
[GIN-debug] Listening and serving HTTP on :3000
[GIN-debug] [WARNING] Running in "debug" mode. Switch to "release" mode in production.
 - using env:	export GIN_MODE=release
 - using code:	gin.SetMode(gin.ReleaseMode)

[GIN-debug] GET    /api/providers            --> github.com/multi-cloud-landing-zone/backend/controllers.GetProviders (5 handlers)
[GIN-debug] GET    /api/regions/:provider    --> github.com/multi-cloud-landing-zone/backend/controllers.GetRegions (5 handlers)
[GIN-debug] GET    /api/azs/:provider/:region --> github.com/multi-cloud-landing-zone/backend/controllers.GetAvailabilityZones (5 handlers)
[GIN-debug] GET    /api/components/:provider/:region --> github.com/multi-cloud-landing-zone/backend/controllers.GetComponents (5 handlers)
[GIN-debug] POST   /api/deploy               --> github.com/multi-cloud-landing-zone/backend/controllers.StartDeployment (5 handlers)
[GIN-debug] GET    /api/deployment/status    --> github.com/multi-cloud-landing-zone/backend/controllers.GetDeploymentStatus (5 handlers)
[GIN-debug] [WARNING] You trusted all proxies, this is NOT safe. We recommend you to set a value.
Please check https://pkg.go.dev/github.com/gin-gonic/gin#readme-don-t-trust-all-proxies for details.
[GIN-debug] Listening and serving HTTP on :3000
[GIN] 2025/03/12 - 16:08:29 | 200 |     178.357µs |       127.0.0.1 | GET      "/api/providers"
[GIN-debug] [WARNING] Running in "debug" mode. Switch to "release" mode in production.
 - using env:	export GIN_MODE=release
 - using code:	gin.SetMode(gin.ReleaseMode)

[GIN-debug] GET    /api/providers            --> github.com/multi-cloud-landing-zone/backend/controllers.GetProviders (5 handlers)
[GIN-debug] GET    /api/regions/:provider    --> github.com/multi-cloud-landing-zone/backend/controllers.GetRegions (5 handlers)
[GIN-debug] GET    /api/azs/:provider/:region --> github.com/multi-cloud-landing-zone/backend/controllers.GetAvailabilityZones (5 handlers)
[GIN-debug] GET    /api/components/:provider/:region --> github.com/multi-cloud-landing-zone/backend/controllers.GetComponents (5 handlers)
[GIN-debug] POST   /api/deploy               --> github.com/multi-cloud-landing-zone/backend/controllers.StartDeployment (5 handlers)
[GIN-debug] GET    /api/deployment/status    --> github.com/multi-cloud-landing-zone/backend/controllers.GetDeploymentStatus (5 handlers)
[GIN-debug] [WARNING] You trusted all proxies, this is NOT safe. We recommend you to set a value.
Please check https://pkg.go.dev/github.com/gin-gonic/gin#readme-don-t-trust-all-proxies for details.
[GIN-debug] Listening and serving HTTP on :3000
[GIN-debug] [WARNING] Running in "debug" mode. Switch to "release" mode in production.
 - using env:	export GIN_MODE=release
 - using code:	gin.SetMode(gin.ReleaseMode)

[GIN-debug] GET    /api/providers            --> github.com/multi-cloud-landing-zone/backend/controllers.GetProviders (5 handlers)
[GIN-debug] GET    /api/regions/:provider    --> github.com/multi-cloud-landing-zone/backend/controllers.GetRegions (5 handlers)
[GIN-debug] GET    /api/azs/:provider/:region --> github.com/multi-cloud-landing-zone/backend/controllers.GetAvailabilityZones (5 handlers)
[GIN-debug] GET    /api/components/:provider/:region --> github.com/multi-cloud-landing-zone/backend/controllers.GetComponents (5 handlers)
[GIN-debug] POST   /api/deploy               --> github.com/multi-cloud-landing-zone/backend/controllers.StartDeployment (5 handlers)
[GIN-debug] GET    /api/deployment/status    --> github.com/multi-cloud-landing-zone/backend/controllers.GetDeploymentStatus (5 handlers)
[GIN-debug] [WARNING] You trusted all proxies, this is NOT safe. We recommend you to set a value.
Please check https://pkg.go.dev/github.com/gin-gonic/gin#readme-don-t-trust-all-proxies for details.
[GIN-debug] Listening and serving HTTP on :3000
[GIN] 2025/03/12 - 16:53:45 | 200 |     203.266µs |       127.0.0.1 | GET      "/api/providers"
[GIN] 2025/03/12 - 17:50:56 | 204 |     111.821µs |  124.193.176.86 | OPTIONS  "/api"
[GIN] 2025/03/12 - 17:51:11 | 204 |     126.319µs |  124.193.176.86 | OPTIONS  "/api"
[GIN-debug] [WARNING] Running in "debug" mode. Switch to "release" mode in production.
 - using env:	export GIN_MODE=release
 - using code:	gin.SetMode(gin.ReleaseMode)

[GIN-debug] GET    /api/providers            --> github.com/multi-cloud-landing-zone/backend/controllers.GetProviders (5 handlers)
[GIN-debug] GET    /api/regions/:provider    --> github.com/multi-cloud-landing-zone/backend/controllers.GetRegions (5 handlers)
[GIN-debug] GET    /api/azs/:provider/:region --> github.com/multi-cloud-landing-zone/backend/controllers.GetAvailabilityZones (5 handlers)
[GIN-debug] GET    /api/components/:provider/:region --> github.com/multi-cloud-landing-zone/backend/controllers.GetComponents (5 handlers)
[GIN-debug] POST   /api/deploy               --> github.com/multi-cloud-landing-zone/backend/controllers.StartDeployment (5 handlers)
[GIN-debug] GET    /api/deployment/status    --> github.com/multi-cloud-landing-zone/backend/controllers.GetDeploymentStatus (5 handlers)
[GIN-debug] [WARNING] You trusted all proxies, this is NOT safe. We recommend you to set a value.
Please check https://pkg.go.dev/github.com/gin-gonic/gin#readme-don-t-trust-all-proxies for details.
[GIN-debug] Listening and serving HTTP on :3000
[GIN-debug] [WARNING] Running in "debug" mode. Switch to "release" mode in production.
 - using env:	export GIN_MODE=release
 - using code:	gin.SetMode(gin.ReleaseMode)

[GIN-debug] GET    /api/providers            --> github.com/multi-cloud-landing-zone/backend/controllers.GetProviders (5 handlers)
[GIN-debug] GET    /api/regions/:provider    --> github.com/multi-cloud-landing-zone/backend/controllers.GetRegions (5 handlers)
[GIN-debug] GET    /api/azs/:provider/:region --> github.com/multi-cloud-landing-zone/backend/controllers.GetAvailabilityZones (5 handlers)
[GIN-debug] GET    /api/components/:provider/:region --> github.com/multi-cloud-landing-zone/backend/controllers.GetComponents (5 handlers)
[GIN-debug] POST   /api/deploy               --> github.com/multi-cloud-landing-zone/backend/controllers.StartDeployment (5 handlers)
[GIN-debug] GET    /api/deployment/status    --> github.com/multi-cloud-landing-zone/backend/controllers.GetDeploymentStatus (5 handlers)
[GIN-debug] [WARNING] You trusted all proxies, this is NOT safe. We recommend you to set a value.
Please check https://pkg.go.dev/github.com/gin-gonic/gin#readme-don-t-trust-all-proxies for details.
[GIN-debug] Listening and serving HTTP on :3000
[GIN-debug] [WARNING] Running in "debug" mode. Switch to "release" mode in production.
 - using env:	export GIN_MODE=release
 - using code:	gin.SetMode(gin.ReleaseMode)

[GIN-debug] GET    /api/providers            --> github.com/multi-cloud-landing-zone/backend/controllers.GetProviders (5 handlers)
[GIN-debug] GET    /api/regions/:provider    --> github.com/multi-cloud-landing-zone/backend/controllers.GetRegions (5 handlers)
[GIN-debug] GET    /api/azs/:provider/:region --> github.com/multi-cloud-landing-zone/backend/controllers.GetAvailabilityZones (5 handlers)
[GIN-debug] GET    /api/components/:provider/:region --> github.com/multi-cloud-landing-zone/backend/controllers.GetComponents (5 handlers)
[GIN-debug] POST   /api/deploy               --> github.com/multi-cloud-landing-zone/backend/controllers.StartDeployment (5 handlers)
[GIN-debug] GET    /api/deployment/status    --> github.com/multi-cloud-landing-zone/backend/controllers.GetDeploymentStatus (5 handlers)
[GIN-debug] [WARNING] You trusted all proxies, this is NOT safe. We recommend you to set a value.
Please check https://pkg.go.dev/github.com/gin-gonic/gin#readme-don-t-trust-all-proxies for details.
[GIN-debug] Listening and serving HTTP on :3000
[GIN] 2025/03/12 - 18:44:43 | 204 |     224.634µs |      10.168.0.5 | OPTIONS  "/api"
[GIN] 2025/03/12 - 18:45:20 | 404 |     194.613µs |      10.168.0.5 | POST     "/api"
[GIN] 2025/03/12 - 18:49:45 | 204 |     209.923µs |      10.168.0.5 | OPTIONS  "/api"
[GIN] 2025/03/12 - 18:50:09 | 404 |     379.551µs |      10.168.0.5 | POST     "/api"
[GIN] 2025/03/12 - 18:51:08 | 400 |     353.424µs |      10.168.0.5 | POST     "/api/deploy"
[GIN] 2025/03/12 - 18:53:49 | 200 |     413.131µs |       127.0.0.1 | POST     "/api/deploy"
[GIN] 2025/03/12 - 18:57:53 | 400 |     271.806µs |       127.0.0.1 | POST     "/api/deploy"
[GIN] 2025/03/12 - 18:58:42 | 200 |     378.972µs |       127.0.0.1 | POST     "/api/deploy"
[GIN] 2025/03/12 - 19:04:34 | 200 |     644.006µs |       127.0.0.1 | POST     "/api/deploy"
[GIN] 2025/03/12 - 19:06:24 | 200 |     839.351µs |       127.0.0.1 | POST     "/api/deploy"
[GIN] 2025/03/12 - 19:28:45 | 404 |     211.201µs | 121.199.174.166 | GET      "/"
[GIN] 2025/03/12 - 19:28:45 | 204 |     145.864µs | 121.199.174.166 | OPTIONS  "/"
[GIN] 2025/03/12 - 19:29:00 | 404 |      186.55µs | 121.199.174.166 | GET      "/nice ports,/Trinity.txt.bak"
[GIN] 2025/03/12 - 19:29:10 | 404 |     202.025µs | 121.199.174.166 | POST     "/sdk"
[GIN] 2025/03/12 - 19:29:10 | 404 |     138.139µs | 121.199.174.166 | GET      "/nmaplowercheck1741778950"
[GIN] 2025/03/12 - 19:29:10 | 404 |     185.578µs | 121.199.174.166 | GET      "/HNAP1"
[GIN] 2025/03/12 - 19:29:10 | 404 |     126.471µs | 121.199.174.166 | GET      "/evox/about"
[GIN] 2025/03/12 - 19:29:20 | 404 |     660.096µs | 121.199.174.166 | GET      "/"
[GIN] 2025/03/12 - 19:29:46 | 404 |      208.49µs | 207.154.246.188 | GET      "/"
[GIN] 2025/03/12 - 19:59:44 | 404 |     240.727µs |    8.219.48.126 | GET      "/"
[GIN] 2025/03/12 - 19:59:44 | 404 |     197.598µs |    8.219.48.126 | GET      "/"
[GIN] 2025/03/12 - 19:59:46 | 404 |     174.863µs |    8.219.48.126 | GET      "/favicon.ico"
[GIN] 2025/03/12 - 20:00:33 | 404 |     268.093µs |   125.122.15.51 | GET      "/"
[GIN-debug] [WARNING] Running in "debug" mode. Switch to "release" mode in production.
 - using env:	export GIN_MODE=release
 - using code:	gin.SetMode(gin.ReleaseMode)

[GIN-debug] GET    /api/providers            --> github.com/multi-cloud-landing-zone/backend/controllers.GetProviders (5 handlers)
[GIN-debug] GET    /api/regions/:provider    --> github.com/multi-cloud-landing-zone/backend/controllers.GetRegions (5 handlers)
[GIN-debug] GET    /api/azs/:provider/:region --> github.com/multi-cloud-landing-zone/backend/controllers.GetAvailabilityZones (5 handlers)
[GIN-debug] GET    /api/components/:provider/:region --> github.com/multi-cloud-landing-zone/backend/controllers.GetComponents (5 handlers)
[GIN-debug] POST   /api/deploy               --> github.com/multi-cloud-landing-zone/backend/controllers.StartDeployment (5 handlers)
[GIN-debug] GET    /api/deployment/status    --> github.com/multi-cloud-landing-zone/backend/controllers.GetDeploymentStatus (5 handlers)
[GIN-debug] [WARNING] You trusted all proxies, this is NOT safe. We recommend you to set a value.
Please check https://pkg.go.dev/github.com/gin-gonic/gin#readme-don-t-trust-all-proxies for details.
[GIN-debug] Listening and serving HTTP on :3000
