{"level":"info","msg":"æ—¥å¿—ç³»ç»Ÿåˆå§‹åŒ–å®Œæˆ","time":"2025-03-12 10:57:34"}
{"level":"info","msg":"æ—¥å¿—æ–‡ä»¶è·¯å¾„: logs/multi-cloud-landing-zone-2025-03-12.log","time":"2025-03-12 10:57:34"}
{"level":"info","msg":"ç¯å¢ƒå˜é‡åŠ è½½æˆåŠŸ","time":"2025-03-12 10:57:34"}
{"level":"info","msg":"Ginè¿è¡Œåœ¨Releaseæ¨¡å¼","time":"2025-03-12 10:57:34"}
{"level":"info","msg":"Ginæ—¥å¿—æ–‡ä»¶è·¯å¾„: logs/gin-2025-03-12.log","time":"2025-03-12 10:57:34"}
{"level":"info","msg":"Ginè·¯ç”±åˆå§‹åŒ–å®Œæˆ","time":"2025-03-12 10:57:34"}
{"level":"info","msg":"CORSé…ç½®å®Œæˆ","time":"2025-03-12 10:57:34"}
{"level":"info","msg":"APIè·¯ç”±æ³¨å†Œå®Œæˆ","time":"2025-03-12 10:57:34"}
{"level":"info","msg":"ä½¿ç”¨é…ç½®ç«¯å£: 3000","time":"2025-03-12 10:57:34"}
{"level":"info","msg":"æœåŠ¡å™¨å¯åŠ¨åœ¨ http://localhost:3000","time":"2025-03-12 10:57:34"}
{"file":"/root/multi-cloud-landing-zone/backend/main.go:158","func":"main.initLogger","level":"info","msg":"æ—¥å¿—ç³»ç»Ÿåˆå§‹åŒ–å®Œæˆ","time":"2025-03-12 11:21:48"}
{"file":"/root/multi-cloud-landing-zone/backend/main.go:159","func":"main.initLogger","level":"info","msg":"æ—¥å¿—æ–‡ä»¶è·¯å¾„: logs/multi-cloud-landing-zone-2025-03-12.log","time":"2025-03-12 11:21:48"}
{"file":"/root/multi-cloud-landing-zone/backend/main.go:201","func":"main.main","level":"info","msg":"ç¯å¢ƒå˜é‡åŠ è½½æˆåŠŸ","time":"2025-03-12 11:21:48"}
{"file":"/root/multi-cloud-landing-zone/backend/main.go:217","func":"main.main","level":"info","msg":"Ginè¿è¡Œåœ¨Releaseæ¨¡å¼","time":"2025-03-12 11:21:48"}
{"file":"/root/multi-cloud-landing-zone/backend/main.go:228","func":"main.main","level":"info","msg":"Ginæ—¥å¿—æ–‡ä»¶è·¯å¾„: logs/gin-2025-03-12.log","time":"2025-03-12 11:21:48"}
{"file":"/root/multi-cloud-landing-zone/backend/main.go:237","func":"main.main","level":"info","msg":"Ginè·¯ç”±åˆå§‹åŒ–å®Œæˆ","time":"2025-03-12 11:21:48"}
{"file":"/root/multi-cloud-landing-zone/backend/main.go:245","func":"main.main","level":"info","msg":"CORSé…ç½®å®Œæˆ","time":"2025-03-12 11:21:48"}
{"file":"/root/multi-cloud-landing-zone/backend/main.go:249","func":"main.main","level":"info","msg":"APIè·¯ç”±æ³¨å†Œå®Œæˆ","time":"2025-03-12 11:21:48"}
{"file":"/root/multi-cloud-landing-zone/backend/main.go:261","func":"main.main","level":"info","msg":"ä½¿ç”¨é…ç½®ç«¯å£: 3000","time":"2025-03-12 11:21:48"}
{"file":"/root/multi-cloud-landing-zone/backend/main.go:265","func":"main.main","level":"info","msg":"æœåŠ¡å™¨å¯åŠ¨åœ¨ http://localhost:3000","time":"2025-03-12 11:21:48"}
{"file":"/root/multi-cloud-landing-zone/backend/main.go:158","func":"main.initLogger","level":"info","msg":"æ—¥å¿—ç³»ç»Ÿåˆå§‹åŒ–å®Œæˆ","time":"2025-03-12 11:25:23"}
{"file":"/root/multi-cloud-landing-zone/backend/main.go:159","func":"main.initLogger","level":"info","msg":"æ—¥å¿—æ–‡ä»¶è·¯å¾„: logs/multi-cloud-landing-zone-2025-03-12.log","time":"2025-03-12 11:25:23"}
{"file":"/root/multi-cloud-landing-zone/backend/main.go:201","func":"main.main","level":"info","msg":"ç¯å¢ƒå˜é‡åŠ è½½æˆåŠŸ","time":"2025-03-12 11:25:23"}
{"file":"/root/multi-cloud-landing-zone/backend/main.go:215","func":"main.main","level":"info","msg":"Ginè¿è¡Œåœ¨Debugæ¨¡å¼","time":"2025-03-12 11:25:23"}
{"file":"/root/multi-cloud-landing-zone/backend/main.go:228","func":"main.main","level":"info","msg":"Ginæ—¥å¿—æ–‡ä»¶è·¯å¾„: logs/gin-2025-03-12.log","time":"2025-03-12 11:25:23"}
{"file":"/root/multi-cloud-landing-zone/backend/main.go:237","func":"main.main","level":"info","msg":"Ginè·¯ç”±åˆå§‹åŒ–å®Œæˆ","time":"2025-03-12 11:25:23"}
{"file":"/root/multi-cloud-landing-zone/backend/main.go:245","func":"main.main","level":"info","msg":"CORSé…ç½®å®Œæˆ","time":"2025-03-12 11:25:23"}
{"file":"/root/multi-cloud-landing-zone/backend/main.go:249","func":"main.main","level":"info","msg":"APIè·¯ç”±æ³¨å†Œå®Œæˆ","time":"2025-03-12 11:25:23"}
{"file":"/root/multi-cloud-landing-zone/backend/main.go:261","func":"main.main","level":"info","msg":"ä½¿ç”¨é…ç½®ç«¯å£: 3000","time":"2025-03-12 11:25:23"}
{"file":"/root/multi-cloud-landing-zone/backend/main.go:265","func":"main.main","level":"info","msg":"æœåŠ¡å™¨å¯åŠ¨åœ¨ http://localhost:3000","time":"2025-03-12 11:25:23"}
{"file":"/root/multi-cloud-landing-zone/backend/main.go:267","func":"main.main","level":"fatal","msg":"å¯åŠ¨æœåŠ¡å™¨å¤±è´¥: listen tcp :3000: bind: address already in use","time":"2025-03-12 11:25:23"}
{"file":"/root/multi-cloud-landing-zone/backend/main.go:158","func":"main.initLogger","level":"info","msg":"æ—¥å¿—ç³»ç»Ÿåˆå§‹åŒ–å®Œæˆ","time":"2025-03-12 11:25:33"}
{"file":"/root/multi-cloud-landing-zone/backend/main.go:159","func":"main.initLogger","level":"info","msg":"æ—¥å¿—æ–‡ä»¶è·¯å¾„: logs/multi-cloud-landing-zone-2025-03-12.log","time":"2025-03-12 11:25:33"}
{"file":"/root/multi-cloud-landing-zone/backend/main.go:201","func":"main.main","level":"info","msg":"ç¯å¢ƒå˜é‡åŠ è½½æˆåŠŸ","time":"2025-03-12 11:25:33"}
{"file":"/root/multi-cloud-landing-zone/backend/main.go:215","func":"main.main","level":"info","msg":"Ginè¿è¡Œåœ¨Debugæ¨¡å¼","time":"2025-03-12 11:25:33"}
{"file":"/root/multi-cloud-landing-zone/backend/main.go:228","func":"main.main","level":"info","msg":"Ginæ—¥å¿—æ–‡ä»¶è·¯å¾„: logs/gin-2025-03-12.log","time":"2025-03-12 11:25:33"}
{"file":"/root/multi-cloud-landing-zone/backend/main.go:237","func":"main.main","level":"info","msg":"Ginè·¯ç”±åˆå§‹åŒ–å®Œæˆ","time":"2025-03-12 11:25:33"}
{"file":"/root/multi-cloud-landing-zone/backend/main.go:245","func":"main.main","level":"info","msg":"CORSé…ç½®å®Œæˆ","time":"2025-03-12 11:25:33"}
{"file":"/root/multi-cloud-landing-zone/backend/main.go:249","func":"main.main","level":"info","msg":"APIè·¯ç”±æ³¨å†Œå®Œæˆ","time":"2025-03-12 11:25:33"}
{"file":"/root/multi-cloud-landing-zone/backend/main.go:261","func":"main.main","level":"info","msg":"ä½¿ç”¨é…ç½®ç«¯å£: 3000","time":"2025-03-12 11:25:33"}
{"file":"/root/multi-cloud-landing-zone/backend/main.go:265","func":"main.main","level":"info","msg":"æœåŠ¡å™¨å¯åŠ¨åœ¨ http://localhost:3000","time":"2025-03-12 11:25:33"}
{"file":"/root/multi-cloud-landing-zone/backend/main.go:158","func":"main.initLogger","level":"info","msg":"æ—¥å¿—ç³»ç»Ÿåˆå§‹åŒ–å®Œæˆ","time":"2025-03-12 11:28:14"}
{"file":"/root/multi-cloud-landing-zone/backend/main.go:159","func":"main.initLogger","level":"info","msg":"æ—¥å¿—æ–‡ä»¶è·¯å¾„: logs/multi-cloud-landing-zone-2025-03-12.log","time":"2025-03-12 11:28:14"}
{"file":"/root/multi-cloud-landing-zone/backend/main.go:201","func":"main.main","level":"info","msg":"ç¯å¢ƒå˜é‡åŠ è½½æˆåŠŸ","time":"2025-03-12 11:28:14"}
{"file":"/root/multi-cloud-landing-zone/backend/main.go:215","func":"main.main","level":"info","msg":"Ginè¿è¡Œåœ¨Debugæ¨¡å¼","time":"2025-03-12 11:28:14"}
{"file":"/root/multi-cloud-landing-zone/backend/main.go:228","func":"main.main","level":"info","msg":"Ginæ—¥å¿—æ–‡ä»¶è·¯å¾„: logs/gin-2025-03-12.log","time":"2025-03-12 11:28:14"}
{"file":"/root/multi-cloud-landing-zone/backend/main.go:237","func":"main.main","level":"info","msg":"Ginè·¯ç”±åˆå§‹åŒ–å®Œæˆ","time":"2025-03-12 11:28:14"}
{"file":"/root/multi-cloud-landing-zone/backend/main.go:245","func":"main.main","level":"info","msg":"CORSé…ç½®å®Œæˆ","time":"2025-03-12 11:28:14"}
{"file":"/root/multi-cloud-landing-zone/backend/main.go:249","func":"main.main","level":"info","msg":"APIè·¯ç”±æ³¨å†Œå®Œæˆ","time":"2025-03-12 11:28:14"}
{"file":"/root/multi-cloud-landing-zone/backend/main.go:261","func":"main.main","level":"info","msg":"ä½¿ç”¨é…ç½®ç«¯å£: 3000","time":"2025-03-12 11:28:14"}
{"file":"/root/multi-cloud-landing-zone/backend/main.go:265","func":"main.main","level":"info","msg":"æœåŠ¡å™¨å¯åŠ¨åœ¨ http://localhost:3000","time":"2025-03-12 11:28:14"}
{"file":"/root/aaa/backend/main.go:152","func":"main.initLogger","level":"info","msg":"æ—¥å¿—ç³»ç»Ÿåˆå§‹åŒ–å®Œæˆ","time":"2025-03-12 15:13:00"}
{"file":"/root/aaa/backend/main.go:153","func":"main.initLogger","level":"info","msg":"æ—¥å¿—æ–‡ä»¶è·¯å¾„: logs/multi-cloud-landing-zone-2025-03-12.log","time":"2025-03-12 15:13:00"}
2025/03/12 15:13:00 [INFO] æ—¥å¿—ç³»ç»Ÿåˆå§‹åŒ–æˆåŠŸï¼Œæ—¥å¿—æ–‡ä»¶: logs/multi-cloud-landing-zone-2025-03-12.log
{"file":"/root/aaa/backend/main.go:199","func":"main.main","level":"info","msg":"æ–°æ—¥å¿—ç³»ç»Ÿåˆå§‹åŒ–æˆåŠŸ","time":"2025-03-12 15:13:00"}
2025/03/12 15:13:00 [INFO] æ–°æ—¥å¿—ç³»ç»Ÿåˆå§‹åŒ–æˆåŠŸï¼Œä¸åŸæœ‰æ—¥å¿—ç³»ç»Ÿé›†æˆ
{"file":"/root/aaa/backend/main.go:205","func":"main.main","level":"warning","msg":"æœªæ‰¾åˆ°.envæ–‡ä»¶ï¼Œä½¿ç”¨é»˜è®¤ç¯å¢ƒå˜é‡","time":"2025-03-12 15:13:00"}
2025/03/12 15:13:00 [WARN] æœªæ‰¾åˆ°.envæ–‡ä»¶ï¼Œä½¿ç”¨é»˜è®¤ç¯å¢ƒå˜é‡
{"file":"/root/aaa/backend/main.go:229","func":"main.main","level":"info","msg":"Ginè¿è¡Œåœ¨Releaseæ¨¡å¼","time":"2025-03-12 15:13:00"}
2025/03/12 15:13:00 [INFO] Ginè¿è¡Œåœ¨Releaseæ¨¡å¼
{"file":"/root/aaa/backend/main.go:242","func":"main.main","level":"info","msg":"Ginæ—¥å¿—æ–‡ä»¶è·¯å¾„: logs/gin-2025-03-12.log","time":"2025-03-12 15:13:00"}
2025/03/12 15:13:00 [INFO] Ginæ—¥å¿—æ–‡ä»¶è·¯å¾„: logs/gin-2025-03-12.log
{"file":"/root/aaa/backend/main.go:252","func":"main.main","level":"info","msg":"Ginè·¯ç”±åˆå§‹åŒ–å®Œæˆ","time":"2025-03-12 15:13:00"}
2025/03/12 15:13:00 [INFO] Ginè·¯ç”±åˆå§‹åŒ–å®Œæˆ
{"file":"/root/aaa/backend/main.go:261","func":"main.main","level":"info","msg":"CORSé…ç½®å®Œæˆ","time":"2025-03-12 15:13:00"}
2025/03/12 15:13:00 [INFO] CORSé…ç½®å®Œæˆ
{"file":"/root/aaa/backend/main.go:266","func":"main.main","level":"info","msg":"APIè·¯ç”±æ³¨å†Œå®Œæˆ","time":"2025-03-12 15:13:00"}
2025/03/12 15:13:00 [INFO] APIè·¯ç”±æ³¨å†Œå®Œæˆ
{"file":"/root/aaa/backend/main.go:273","func":"main.main","level":"info","msg":"ä½¿ç”¨é»˜è®¤ç«¯å£: 3000","time":"2025-03-12 15:13:00"}
2025/03/12 15:13:00 [INFO] ä½¿ç”¨é»˜è®¤ç«¯å£: 3000
{"file":"/root/aaa/backend/main.go:281","func":"main.main","level":"info","msg":"æœåŠ¡å™¨å¯åŠ¨åœ¨ http://localhost:3000","time":"2025-03-12 15:13:00"}
2025/03/12 15:13:00 [INFO] æœåŠ¡å™¨å¯åŠ¨åœ¨ http://localhost:3000
{"client_ip":"127.0.0.1","file":"/root/aaa/backend/main.go:42","func":"main.RequestLoggerMiddleware.func1","level":"info","method":"GET","msg":"æ”¶åˆ°APIè¯·æ±‚","path":"/api/providers","request_id":"","time":"2025-03-12 16:08:29","user_agent":"curl/7.81.0"}
{"error_count":0,"file":"/root/aaa/backend/main.go:58","func":"main.RequestLoggerMiddleware.func1","latency":133781,"level":"info","method":"GET","msg":"APIè¯·æ±‚å®Œæˆ","path":"/api/providers","status":200,"time":"2025-03-12 16:08:29"}
{"file":"/root/aaa/backend/main.go:152","func":"main.initLogger","level":"info","msg":"æ—¥å¿—ç³»ç»Ÿåˆå§‹åŒ–å®Œæˆ","time":"2025-03-12 16:12:42"}
{"file":"/root/aaa/backend/main.go:153","func":"main.initLogger","level":"info","msg":"æ—¥å¿—æ–‡ä»¶è·¯å¾„: logs/multi-cloud-landing-zone-2025-03-12.log","time":"2025-03-12 16:12:42"}
2025/03/12 16:12:42 [INFO] æ—¥å¿—ç³»ç»Ÿåˆå§‹åŒ–æˆåŠŸï¼Œæ—¥å¿—æ–‡ä»¶: logs/multi-cloud-landing-zone-2025-03-12.log
{"file":"/root/aaa/backend/main.go:199","func":"main.main","level":"info","msg":"æ–°æ—¥å¿—ç³»ç»Ÿåˆå§‹åŒ–æˆåŠŸ","time":"2025-03-12 16:12:42"}
2025/03/12 16:12:42 [INFO] æ–°æ—¥å¿—ç³»ç»Ÿåˆå§‹åŒ–æˆåŠŸï¼Œä¸åŸæœ‰æ—¥å¿—ç³»ç»Ÿé›†æˆ
{"file":"/root/aaa/backend/main.go:208","func":"main.main","level":"info","msg":"ç¯å¢ƒå˜é‡åŠ è½½æˆåŠŸ","time":"2025-03-12 16:12:42"}
2025/03/12 16:12:42 [INFO] ç¯å¢ƒå˜é‡åŠ è½½æˆåŠŸ
2025/03/12 16:12:42 [DEBUG] ç¯å¢ƒå˜é‡é…ç½®: GIN_MODE=debug, PORT=3000, LOG_LEVEL=debug
{"file":"/root/aaa/backend/main.go:226","func":"main.main","level":"info","msg":"Ginè¿è¡Œåœ¨Debugæ¨¡å¼","time":"2025-03-12 16:12:42"}
2025/03/12 16:12:42 [INFO] Ginè¿è¡Œåœ¨Debugæ¨¡å¼
{"file":"/root/aaa/backend/main.go:242","func":"main.main","level":"info","msg":"Ginæ—¥å¿—æ–‡ä»¶è·¯å¾„: logs/gin-2025-03-12.log","time":"2025-03-12 16:12:42"}
2025/03/12 16:12:42 [INFO] Ginæ—¥å¿—æ–‡ä»¶è·¯å¾„: logs/gin-2025-03-12.log
{"file":"/root/aaa/backend/main.go:252","func":"main.main","level":"info","msg":"Ginè·¯ç”±åˆå§‹åŒ–å®Œæˆ","time":"2025-03-12 16:12:42"}
2025/03/12 16:12:42 [INFO] Ginè·¯ç”±åˆå§‹åŒ–å®Œæˆ
{"file":"/root/aaa/backend/main.go:261","func":"main.main","level":"info","msg":"CORSé…ç½®å®Œæˆ","time":"2025-03-12 16:12:42"}
2025/03/12 16:12:42 [INFO] CORSé…ç½®å®Œæˆ
{"file":"/root/aaa/backend/main.go:266","func":"main.main","level":"info","msg":"APIè·¯ç”±æ³¨å†Œå®Œæˆ","time":"2025-03-12 16:12:42"}
2025/03/12 16:12:42 [INFO] APIè·¯ç”±æ³¨å†Œå®Œæˆ
{"file":"/root/aaa/backend/main.go:276","func":"main.main","level":"info","msg":"ä½¿ç”¨é…ç½®ç«¯å£: 3000","time":"2025-03-12 16:12:42"}
2025/03/12 16:12:42 [INFO] ä½¿ç”¨é…ç½®ç«¯å£: 3000
{"file":"/root/aaa/backend/main.go:281","func":"main.main","level":"info","msg":"æœåŠ¡å™¨å¯åŠ¨åœ¨ http://localhost:3000","time":"2025-03-12 16:12:42"}
2025/03/12 16:12:42 [INFO] æœåŠ¡å™¨å¯åŠ¨åœ¨ http://localhost:3000
{"file":"/root/aaa/backend/main.go:152","func":"main.initLogger","level":"info","msg":"æ—¥å¿—ç³»ç»Ÿåˆå§‹åŒ–å®Œæˆ","time":"2025-03-12 16:50:11"}
{"file":"/root/aaa/backend/main.go:153","func":"main.initLogger","level":"info","msg":"æ—¥å¿—æ–‡ä»¶è·¯å¾„: logs/multi-cloud-landing-zone-2025-03-12.log","time":"2025-03-12 16:50:11"}
2025/03/12 16:50:11 [INFO] æ—¥å¿—ç³»ç»Ÿåˆå§‹åŒ–æˆåŠŸï¼Œæ—¥å¿—æ–‡ä»¶: logs/multi-cloud-landing-zone-2025-03-12.log
{"file":"/root/aaa/backend/main.go:199","func":"main.main","level":"info","msg":"æ–°æ—¥å¿—ç³»ç»Ÿåˆå§‹åŒ–æˆåŠŸ","time":"2025-03-12 16:50:11"}
2025/03/12 16:50:11 [INFO] æ–°æ—¥å¿—ç³»ç»Ÿåˆå§‹åŒ–æˆåŠŸï¼Œä¸åŸæœ‰æ—¥å¿—ç³»ç»Ÿé›†æˆ
{"file":"/root/aaa/backend/main.go:208","func":"main.main","level":"info","msg":"ç¯å¢ƒå˜é‡åŠ è½½æˆåŠŸ","time":"2025-03-12 16:50:11"}
2025/03/12 16:50:11 [INFO] ç¯å¢ƒå˜é‡åŠ è½½æˆåŠŸ
2025/03/12 16:50:11 [DEBUG] ç¯å¢ƒå˜é‡é…ç½®: GIN_MODE=debug, PORT=3000, LOG_LEVEL=debug
{"file":"/root/aaa/backend/main.go:226","func":"main.main","level":"info","msg":"Ginè¿è¡Œåœ¨Debugæ¨¡å¼","time":"2025-03-12 16:50:11"}
2025/03/12 16:50:11 [INFO] Ginè¿è¡Œåœ¨Debugæ¨¡å¼
{"file":"/root/aaa/backend/main.go:242","func":"main.main","level":"info","msg":"Ginæ—¥å¿—æ–‡ä»¶è·¯å¾„: logs/gin-2025-03-12.log","time":"2025-03-12 16:50:11"}
2025/03/12 16:50:11 [INFO] Ginæ—¥å¿—æ–‡ä»¶è·¯å¾„: logs/gin-2025-03-12.log
{"file":"/root/aaa/backend/main.go:252","func":"main.main","level":"info","msg":"Ginè·¯ç”±åˆå§‹åŒ–å®Œæˆ","time":"2025-03-12 16:50:11"}
2025/03/12 16:50:11 [INFO] Ginè·¯ç”±åˆå§‹åŒ–å®Œæˆ
{"file":"/root/aaa/backend/main.go:261","func":"main.main","level":"info","msg":"CORSé…ç½®å®Œæˆ","time":"2025-03-12 16:50:11"}
2025/03/12 16:50:11 [INFO] CORSé…ç½®å®Œæˆ
{"file":"/root/aaa/backend/main.go:266","func":"main.main","level":"info","msg":"APIè·¯ç”±æ³¨å†Œå®Œæˆ","time":"2025-03-12 16:50:11"}
2025/03/12 16:50:11 [INFO] APIè·¯ç”±æ³¨å†Œå®Œæˆ
{"file":"/root/aaa/backend/main.go:276","func":"main.main","level":"info","msg":"ä½¿ç”¨é…ç½®ç«¯å£: 3000","time":"2025-03-12 16:50:11"}
2025/03/12 16:50:11 [INFO] ä½¿ç”¨é…ç½®ç«¯å£: 3000
{"file":"/root/aaa/backend/main.go:281","func":"main.main","level":"info","msg":"æœåŠ¡å™¨å¯åŠ¨åœ¨ http://localhost:3000","time":"2025-03-12 16:50:11"}
2025/03/12 16:50:11 [INFO] æœåŠ¡å™¨å¯åŠ¨åœ¨ http://localhost:3000
{"client_ip":"127.0.0.1","file":"/root/aaa/backend/main.go:42","func":"main.RequestLoggerMiddleware.func1","level":"info","method":"GET","msg":"æ”¶åˆ°APIè¯·æ±‚","path":"/api/providers","request_id":"","time":"2025-03-12 16:53:45","user_agent":"curl/7.81.0"}
{"error_count":0,"file":"/root/aaa/backend/main.go:58","func":"main.RequestLoggerMiddleware.func1","latency":154229,"level":"info","method":"GET","msg":"APIè¯·æ±‚å®Œæˆ","path":"/api/providers","status":200,"time":"2025-03-12 16:53:45"}
{"client_ip":"124.193.176.86","file":"/root/aaa/backend/main.go:42","func":"main.RequestLoggerMiddleware.func1","level":"info","method":"OPTIONS","msg":"æ”¶åˆ°APIè¯·æ±‚","path":"/api","request_id":"","time":"2025-03-12 17:50:56","user_agent":"Mozilla/5.0 (Windows NT 10.0; Win64; x64; rv:136.0) Gecko/20100101 Firefox/136.0"}
{"error_count":0,"file":"/root/aaa/backend/main.go:58","func":"main.RequestLoggerMiddleware.func1","latency":76327,"level":"info","method":"OPTIONS","msg":"APIè¯·æ±‚å®Œæˆ","path":"/api","status":204,"time":"2025-03-12 17:50:56"}
{"client_ip":"124.193.176.86","file":"/root/aaa/backend/main.go:42","func":"main.RequestLoggerMiddleware.func1","level":"info","method":"OPTIONS","msg":"æ”¶åˆ°APIè¯·æ±‚","path":"/api","request_id":"","time":"2025-03-12 17:51:11","user_agent":"Mozilla/5.0 (Windows NT 10.0; Win64; x64; rv:136.0) Gecko/20100101 Firefox/136.0"}
{"error_count":0,"file":"/root/aaa/backend/main.go:58","func":"main.RequestLoggerMiddleware.func1","latency":97809,"level":"info","method":"OPTIONS","msg":"APIè¯·æ±‚å®Œæˆ","path":"/api","status":204,"time":"2025-03-12 17:51:11"}
{"file":"/root/aaa/backend/main.go:152","func":"main.initLogger","level":"info","msg":"æ—¥å¿—ç³»ç»Ÿåˆå§‹åŒ–å®Œæˆ","time":"2025-03-12 18:14:59"}
{"file":"/root/aaa/backend/main.go:153","func":"main.initLogger","level":"info","msg":"æ—¥å¿—æ–‡ä»¶è·¯å¾„: logs/multi-cloud-landing-zone-2025-03-12.log","time":"2025-03-12 18:14:59"}
2025/03/12 18:14:59 [INFO] æ—¥å¿—ç³»ç»Ÿåˆå§‹åŒ–æˆåŠŸï¼Œæ—¥å¿—æ–‡ä»¶: logs/multi-cloud-landing-zone-2025-03-12.log
{"file":"/root/aaa/backend/main.go:199","func":"main.main","level":"info","msg":"æ–°æ—¥å¿—ç³»ç»Ÿåˆå§‹åŒ–æˆåŠŸ","time":"2025-03-12 18:14:59"}
2025/03/12 18:14:59 [INFO] æ–°æ—¥å¿—ç³»ç»Ÿåˆå§‹åŒ–æˆåŠŸï¼Œä¸åŸæœ‰æ—¥å¿—ç³»ç»Ÿé›†æˆ
{"file":"/root/aaa/backend/main.go:208","func":"main.main","level":"info","msg":"ç¯å¢ƒå˜é‡åŠ è½½æˆåŠŸ","time":"2025-03-12 18:14:59"}
2025/03/12 18:14:59 [INFO] ç¯å¢ƒå˜é‡åŠ è½½æˆåŠŸ
2025/03/12 18:14:59 [DEBUG] ç¯å¢ƒå˜é‡é…ç½®: GIN_MODE=debug, PORT=3000, LOG_LEVEL=debug
{"file":"/root/aaa/backend/main.go:226","func":"main.main","level":"info","msg":"Ginè¿è¡Œåœ¨Debugæ¨¡å¼","time":"2025-03-12 18:14:59"}
2025/03/12 18:14:59 [INFO] Ginè¿è¡Œåœ¨Debugæ¨¡å¼
{"file":"/root/aaa/backend/main.go:242","func":"main.main","level":"info","msg":"Ginæ—¥å¿—æ–‡ä»¶è·¯å¾„: logs/gin-2025-03-12.log","time":"2025-03-12 18:14:59"}
2025/03/12 18:14:59 [INFO] Ginæ—¥å¿—æ–‡ä»¶è·¯å¾„: logs/gin-2025-03-12.log
{"file":"/root/aaa/backend/main.go:252","func":"main.main","level":"info","msg":"Ginè·¯ç”±åˆå§‹åŒ–å®Œæˆ","time":"2025-03-12 18:14:59"}
2025/03/12 18:14:59 [INFO] Ginè·¯ç”±åˆå§‹åŒ–å®Œæˆ
{"file":"/root/aaa/backend/main.go:261","func":"main.main","level":"info","msg":"CORSé…ç½®å®Œæˆ","time":"2025-03-12 18:14:59"}
2025/03/12 18:14:59 [INFO] CORSé…ç½®å®Œæˆ
{"file":"/root/aaa/backend/main.go:266","func":"main.main","level":"info","msg":"APIè·¯ç”±æ³¨å†Œå®Œæˆ","time":"2025-03-12 18:14:59"}
2025/03/12 18:14:59 [INFO] APIè·¯ç”±æ³¨å†Œå®Œæˆ
{"file":"/root/aaa/backend/main.go:276","func":"main.main","level":"info","msg":"ä½¿ç”¨é…ç½®ç«¯å£: 3000","time":"2025-03-12 18:14:59"}
2025/03/12 18:14:59 [INFO] ä½¿ç”¨é…ç½®ç«¯å£: 3000
{"file":"/root/aaa/backend/main.go:281","func":"main.main","level":"info","msg":"æœåŠ¡å™¨å¯åŠ¨åœ¨ http://0.0.0.0:3000 (å¯é€šè¿‡ http://10.168.0.5:3000 è®¿é—®)","time":"2025-03-12 18:14:59"}
2025/03/12 18:14:59 [INFO] æœåŠ¡å™¨å¯åŠ¨åœ¨ http://0.0.0.0:3000 (å¯é€šè¿‡ http://10.168.0.5:3000 è®¿é—®)
{"file":"/root/aaa/backend/main.go:152","func":"main.initLogger","level":"info","msg":"æ—¥å¿—ç³»ç»Ÿåˆå§‹åŒ–å®Œæˆ","time":"2025-03-12 18:26:57"}
{"file":"/root/aaa/backend/main.go:153","func":"main.initLogger","level":"info","msg":"æ—¥å¿—æ–‡ä»¶è·¯å¾„: logs/multi-cloud-landing-zone-2025-03-12.log","time":"2025-03-12 18:26:57"}
2025/03/12 18:26:57 [INFO] æ—¥å¿—ç³»ç»Ÿåˆå§‹åŒ–æˆåŠŸï¼Œæ—¥å¿—æ–‡ä»¶: logs/multi-cloud-landing-zone-2025-03-12.log
{"file":"/root/aaa/backend/main.go:199","func":"main.main","level":"info","msg":"æ–°æ—¥å¿—ç³»ç»Ÿåˆå§‹åŒ–æˆåŠŸ","time":"2025-03-12 18:26:57"}
2025/03/12 18:26:57 [INFO] æ–°æ—¥å¿—ç³»ç»Ÿåˆå§‹åŒ–æˆåŠŸï¼Œä¸åŸæœ‰æ—¥å¿—ç³»ç»Ÿé›†æˆ
{"file":"/root/aaa/backend/main.go:208","func":"main.main","level":"info","msg":"ç¯å¢ƒå˜é‡åŠ è½½æˆåŠŸ","time":"2025-03-12 18:26:57"}
2025/03/12 18:26:57 [INFO] ç¯å¢ƒå˜é‡åŠ è½½æˆåŠŸ
2025/03/12 18:26:57 [DEBUG] ç¯å¢ƒå˜é‡é…ç½®: GIN_MODE=debug, PORT=3000, LOG_LEVEL=debug
{"file":"/root/aaa/backend/main.go:226","func":"main.main","level":"info","msg":"Ginè¿è¡Œåœ¨Debugæ¨¡å¼","time":"2025-03-12 18:26:57"}
2025/03/12 18:26:57 [INFO] Ginè¿è¡Œåœ¨Debugæ¨¡å¼
{"file":"/root/aaa/backend/main.go:242","func":"main.main","level":"info","msg":"Ginæ—¥å¿—æ–‡ä»¶è·¯å¾„: logs/gin-2025-03-12.log","time":"2025-03-12 18:26:57"}
2025/03/12 18:26:57 [INFO] Ginæ—¥å¿—æ–‡ä»¶è·¯å¾„: logs/gin-2025-03-12.log
{"file":"/root/aaa/backend/main.go:252","func":"main.main","level":"info","msg":"Ginè·¯ç”±åˆå§‹åŒ–å®Œæˆ","time":"2025-03-12 18:26:57"}
2025/03/12 18:26:57 [INFO] Ginè·¯ç”±åˆå§‹åŒ–å®Œæˆ
{"file":"/root/aaa/backend/main.go:265","func":"main.main","level":"info","msg":"CORSé…ç½®å®Œæˆï¼Œå…è®¸æ¥æº: http://10.168.0.5:8080, http://localhost:8080","time":"2025-03-12 18:26:57"}
2025/03/12 18:26:57 [INFO] CORSé…ç½®å®Œæˆï¼Œå…è®¸æ¥æº: http://10.168.0.5:8080, http://localhost:8080
{"file":"/root/aaa/backend/main.go:270","func":"main.main","level":"info","msg":"APIè·¯ç”±æ³¨å†Œå®Œæˆ","time":"2025-03-12 18:26:57"}
2025/03/12 18:26:57 [INFO] APIè·¯ç”±æ³¨å†Œå®Œæˆ
{"file":"/root/aaa/backend/main.go:280","func":"main.main","level":"info","msg":"ä½¿ç”¨é…ç½®ç«¯å£: 3000","time":"2025-03-12 18:26:57"}
2025/03/12 18:26:57 [INFO] ä½¿ç”¨é…ç½®ç«¯å£: 3000
{"file":"/root/aaa/backend/main.go:285","func":"main.main","level":"info","msg":"æœåŠ¡å™¨å¯åŠ¨åœ¨ http://0.0.0.0:3000 (å¯é€šè¿‡ http://10.168.0.5:3000 è®¿é—®)","time":"2025-03-12 18:26:57"}
2025/03/12 18:26:57 [INFO] æœåŠ¡å™¨å¯åŠ¨åœ¨ http://0.0.0.0:3000 (å¯é€šè¿‡ http://10.168.0.5:3000 è®¿é—®)
{"file":"/root/aaa/backend/main.go:151","func":"main.initLogger","level":"info","msg":"æ—¥å¿—ç³»ç»Ÿåˆå§‹åŒ–å®Œæˆ","time":"2025-03-12 18:39:44"}
{"file":"/root/aaa/backend/main.go:152","func":"main.initLogger","level":"info","msg":"æ—¥å¿—æ–‡ä»¶è·¯å¾„: logs/multi-cloud-landing-zone-2025-03-12.log","time":"2025-03-12 18:39:44"}
2025/03/12 18:39:44 [INFO] æ—¥å¿—ç³»ç»Ÿåˆå§‹åŒ–æˆåŠŸï¼Œæ—¥å¿—æ–‡ä»¶: logs/multi-cloud-landing-zone-2025-03-12.log
{"file":"/root/aaa/backend/main.go:198","func":"main.main","level":"info","msg":"æ–°æ—¥å¿—ç³»ç»Ÿåˆå§‹åŒ–æˆåŠŸ","time":"2025-03-12 18:39:44"}
2025/03/12 18:39:44 [INFO] æ–°æ—¥å¿—ç³»ç»Ÿåˆå§‹åŒ–æˆåŠŸï¼Œä¸åŸæœ‰æ—¥å¿—ç³»ç»Ÿé›†æˆ
{"file":"/root/aaa/backend/main.go:207","func":"main.main","level":"info","msg":"ç¯å¢ƒå˜é‡åŠ è½½æˆåŠŸ","time":"2025-03-12 18:39:44"}
2025/03/12 18:39:44 [INFO] ç¯å¢ƒå˜é‡åŠ è½½æˆåŠŸ
2025/03/12 18:39:44 [DEBUG] ç¯å¢ƒå˜é‡é…ç½®: GIN_MODE=debug, PORT=3000, LOG_LEVEL=debug
{"file":"/root/aaa/backend/main.go:225","func":"main.main","level":"info","msg":"Ginè¿è¡Œåœ¨Debugæ¨¡å¼","time":"2025-03-12 18:39:44"}
2025/03/12 18:39:44 [INFO] Ginè¿è¡Œåœ¨Debugæ¨¡å¼
{"file":"/root/aaa/backend/main.go:241","func":"main.main","level":"info","msg":"Ginæ—¥å¿—æ–‡ä»¶è·¯å¾„: logs/gin-2025-03-12.log","time":"2025-03-12 18:39:44"}
2025/03/12 18:39:44 [INFO] Ginæ—¥å¿—æ–‡ä»¶è·¯å¾„: logs/gin-2025-03-12.log
{"file":"/root/aaa/backend/main.go:251","func":"main.main","level":"info","msg":"Ginè·¯ç”±åˆå§‹åŒ–å®Œæˆ","time":"2025-03-12 18:39:44"}
2025/03/12 18:39:44 [INFO] Ginè·¯ç”±åˆå§‹åŒ–å®Œæˆ
{"file":"/root/aaa/backend/main.go:292","func":"main.main","level":"info","msg":"CORSé…ç½®å®Œæˆ - ä½¿ç”¨å¢å¼ºçš„è‡ªå®šä¹‰ä¸­é—´ä»¶ï¼Œå…è®¸æ‰€æœ‰æ¥æºå¹¶æ”¯æŒå‡­è¯","time":"2025-03-12 18:39:44"}
2025/03/12 18:39:44 [INFO] CORSé…ç½®å®Œæˆ - ä½¿ç”¨å¢å¼ºçš„è‡ªå®šä¹‰ä¸­é—´ä»¶ï¼Œå…è®¸æ‰€æœ‰æ¥æºå¹¶æ”¯æŒå‡­è¯
{"file":"/root/aaa/backend/main.go:297","func":"main.main","level":"info","msg":"APIè·¯ç”±æ³¨å†Œå®Œæˆ","time":"2025-03-12 18:39:44"}
2025/03/12 18:39:44 [INFO] APIè·¯ç”±æ³¨å†Œå®Œæˆ
{"file":"/root/aaa/backend/main.go:307","func":"main.main","level":"info","msg":"ä½¿ç”¨é…ç½®ç«¯å£: 3000","time":"2025-03-12 18:39:44"}
2025/03/12 18:39:44 [INFO] ä½¿ç”¨é…ç½®ç«¯å£: 3000
{"file":"/root/aaa/backend/main.go:312","func":"main.main","level":"info","msg":"æœåŠ¡å™¨å¯åŠ¨åœ¨ http://0.0.0.0:3000 (å¯é€šè¿‡ http://10.168.0.5:3000 è®¿é—®)","time":"2025-03-12 18:39:44"}
2025/03/12 18:39:44 [INFO] æœåŠ¡å™¨å¯åŠ¨åœ¨ http://0.0.0.0:3000 (å¯é€šè¿‡ http://10.168.0.5:3000 è®¿é—®)
{"client_ip":"10.168.0.5","file":"/root/aaa/backend/main.go:41","func":"main.RequestLoggerMiddleware.func1","level":"info","method":"OPTIONS","msg":"æ”¶åˆ°APIè¯·æ±‚","path":"/api","request_id":"","time":"2025-03-12 18:44:43","user_agent":"curl/7.81.0"}
{"file":"/root/aaa/backend/main.go:264","func":"main.main.func1","level":"info","msg":"æ”¶åˆ°è·¨åŸŸè¯·æ±‚","origin":"http://10.168.0.5:8080","request_headers":{"Accept":["*/*"],"Access-Control-Request-Headers":["Content-Type"],"Access-Control-Request-Method":["POST"],"Origin":["http://10.168.0.5:8080"],"User-Agent":["curl/7.81.0"]},"request_method":"OPTIONS","request_path":"/api","time":"2025-03-12 18:44:43"}
{"cors_headers":{"Access-Control-Allow-Credentials":["true"],"Access-Control-Allow-Headers":["Origin, Content-Type, Content-Length, Accept-Encoding, X-CSRF-Token, Authorization, X-Request-ID"],"Access-Control-Allow-Methods":["GET, POST, PUT, DELETE, OPTIONS, HEAD"],"Access-Control-Allow-Origin":["http://10.168.0.5:8080"],"Access-Control-Max-Age":["86400"]},"file":"/root/aaa/backend/main.go:277","func":"main.main.func1","level":"info","msg":"å“åº”OPTIONSé¢„æ£€è¯·æ±‚","time":"2025-03-12 18:44:43"}
{"error_count":0,"file":"/root/aaa/backend/main.go:57","func":"main.RequestLoggerMiddleware.func1","latency":192396,"level":"info","method":"OPTIONS","msg":"APIè¯·æ±‚å®Œæˆ","path":"/api","status":204,"time":"2025-03-12 18:44:43"}
{"client_ip":"10.168.0.5","file":"/root/aaa/backend/main.go:41","func":"main.RequestLoggerMiddleware.func1","level":"info","method":"POST","msg":"æ”¶åˆ°APIè¯·æ±‚","path":"/api","request_id":"","time":"2025-03-12 18:45:20","user_agent":"curl/7.81.0"}
{"file":"/root/aaa/backend/main.go:264","func":"main.main.func1","level":"info","msg":"æ”¶åˆ°è·¨åŸŸè¯·æ±‚","origin":"http://10.168.0.5:8080","request_headers":{"Accept":["*/*"],"Content-Length":["15"],"Content-Type":["application/json"],"Origin":["http://10.168.0.5:8080"],"User-Agent":["curl/7.81.0"]},"request_method":"POST","request_path":"/api","time":"2025-03-12 18:45:20"}
{"file":"/root/aaa/backend/main.go:289","func":"main.main.func1","level":"info","msg":"CORSè¯·æ±‚å¤„ç†å®Œæˆ","response_headers":{"Access-Control-Allow-Credentials":["true"],"Access-Control-Allow-Headers":["Origin, Content-Type, Content-Length, Accept-Encoding, X-CSRF-Token, Authorization, X-Request-ID"],"Access-Control-Allow-Methods":["GET, POST, PUT, DELETE, OPTIONS, HEAD"],"Access-Control-Allow-Origin":["http://10.168.0.5:8080"],"Access-Control-Max-Age":["86400"]},"status":404,"time":"2025-03-12 18:45:20"}
{"error_count":0,"file":"/root/aaa/backend/main.go:57","func":"main.RequestLoggerMiddleware.func1","latency":159381,"level":"info","method":"POST","msg":"APIè¯·æ±‚å®Œæˆ","path":"/api","status":404,"time":"2025-03-12 18:45:20"}
{"client_ip":"10.168.0.5","file":"/root/aaa/backend/main.go:41","func":"main.RequestLoggerMiddleware.func1","level":"info","method":"OPTIONS","msg":"æ”¶åˆ°APIè¯·æ±‚","path":"/api","request_id":"","time":"2025-03-12 18:49:45","user_agent":"curl/7.81.0"}
{"file":"/root/aaa/backend/main.go:264","func":"main.main.func1","level":"info","msg":"æ”¶åˆ°è·¨åŸŸè¯·æ±‚","origin":"http://10.168.0.5:8080","request_headers":{"Accept":["*/*"],"Access-Control-Request-Headers":["Content-Type"],"Access-Control-Request-Method":["POST"],"Origin":["http://10.168.0.5:8080"],"User-Agent":["curl/7.81.0"]},"request_method":"OPTIONS","request_path":"/api","time":"2025-03-12 18:49:45"}
{"cors_headers":{"Access-Control-Allow-Credentials":["true"],"Access-Control-Allow-Headers":["Origin, Content-Type, Content-Length, Accept-Encoding, X-CSRF-Token, Authorization, X-Request-ID"],"Access-Control-Allow-Methods":["GET, POST, PUT, DELETE, OPTIONS, HEAD"],"Access-Control-Allow-Origin":["http://10.168.0.5:8080"],"Access-Control-Max-Age":["86400"]},"file":"/root/aaa/backend/main.go:277","func":"main.main.func1","level":"info","msg":"å“åº”OPTIONSé¢„æ£€è¯·æ±‚","time":"2025-03-12 18:49:45"}
{"error_count":0,"file":"/root/aaa/backend/main.go:57","func":"main.RequestLoggerMiddleware.func1","latency":172777,"level":"info","method":"OPTIONS","msg":"APIè¯·æ±‚å®Œæˆ","path":"/api","status":204,"time":"2025-03-12 18:49:45"}
{"client_ip":"10.168.0.5","file":"/root/aaa/backend/main.go:41","func":"main.RequestLoggerMiddleware.func1","level":"info","method":"POST","msg":"æ”¶åˆ°APIè¯·æ±‚","path":"/api","request_id":"","time":"2025-03-12 18:50:09","user_agent":"curl/7.81.0"}
{"file":"/root/aaa/backend/main.go:264","func":"main.main.func1","level":"info","msg":"æ”¶åˆ°è·¨åŸŸè¯·æ±‚","origin":"http://10.168.0.5:8080","request_headers":{"Accept":["*/*"],"Content-Length":["15"],"Content-Type":["application/json"],"Origin":["http://10.168.0.5:8080"],"User-Agent":["curl/7.81.0"]},"request_method":"POST","request_path":"/api","time":"2025-03-12 18:50:09"}
{"file":"/root/aaa/backend/main.go:289","func":"main.main.func1","level":"info","msg":"CORSè¯·æ±‚å¤„ç†å®Œæˆ","response_headers":{"Access-Control-Allow-Credentials":["true"],"Access-Control-Allow-Headers":["Origin, Content-Type, Content-Length, Accept-Encoding, X-CSRF-Token, Authorization, X-Request-ID"],"Access-Control-Allow-Methods":["GET, POST, PUT, DELETE, OPTIONS, HEAD"],"Access-Control-Allow-Origin":["http://10.168.0.5:8080"],"Access-Control-Max-Age":["86400"]},"status":404,"time":"2025-03-12 18:50:09"}
{"error_count":0,"file":"/root/aaa/backend/main.go:57","func":"main.RequestLoggerMiddleware.func1","latency":324367,"level":"info","method":"POST","msg":"APIè¯·æ±‚å®Œæˆ","path":"/api","status":404,"time":"2025-03-12 18:50:09"}
{"client_ip":"10.168.0.5","file":"/root/aaa/backend/main.go:41","func":"main.RequestLoggerMiddleware.func1","level":"info","method":"POST","msg":"æ”¶åˆ°APIè¯·æ±‚","path":"/api/deploy","request_id":"","time":"2025-03-12 18:51:08","user_agent":"curl/7.81.0"}
{"file":"/root/aaa/backend/main.go:264","func":"main.main.func1","level":"info","msg":"æ”¶åˆ°è·¨åŸŸè¯·æ±‚","origin":"http://10.168.0.5:8080","request_headers":{"Accept":["*/*"],"Content-Length":["106"],"Content-Type":["application/json"],"Origin":["http://10.168.0.5:8080"],"User-Agent":["curl/7.81.0"]},"request_method":"POST","request_path":"/api/deploy","time":"2025-03-12 18:51:08"}
2025/03/12 18:51:08 [INFO] æ”¶åˆ°æ–°çš„éƒ¨ç½²è¯·æ±‚
2025/03/12 18:51:08 [INFO] æ”¶åˆ°å‰ç«¯ä¼ é€çš„åŸå§‹å‚æ•°:
{"provider":"aws","region":"cn-north-1","availabilityZones":["cn-north-1a"],"components":["vpc","subnet"]}
2025/03/12 18:51:08 [ERROR] è§£æéƒ¨ç½²é…ç½®å¤±è´¥: json: cannot unmarshal string into Go struct field DeploymentConfig.components of type models.Component
{"file":"/root/aaa/backend/main.go:289","func":"main.main.func1","level":"info","msg":"CORSè¯·æ±‚å¤„ç†å®Œæˆ","response_headers":{"Access-Control-Allow-Credentials":["true"],"Access-Control-Allow-Headers":["Origin, Content-Type, Content-Length, Accept-Encoding, X-CSRF-Token, Authorization, X-Request-ID"],"Access-Control-Allow-Methods":["GET, POST, PUT, DELETE, OPTIONS, HEAD"],"Access-Control-Allow-Origin":["http://10.168.0.5:8080"],"Access-Control-Max-Age":["86400"],"Content-Type":["application/json; charset=utf-8"]},"status":400,"time":"2025-03-12 18:51:08"}
{"error_count":0,"file":"/root/aaa/backend/main.go:57","func":"main.RequestLoggerMiddleware.func1","latency":320580,"level":"info","method":"POST","msg":"APIè¯·æ±‚å®Œæˆ","path":"/api/deploy","status":400,"time":"2025-03-12 18:51:08"}
{"client_ip":"127.0.0.1","file":"/root/aaa/backend/main.go:41","func":"main.RequestLoggerMiddleware.func1","level":"info","method":"POST","msg":"æ”¶åˆ°APIè¯·æ±‚","path":"/api/deploy","request_id":"","time":"2025-03-12 18:53:49","user_agent":"curl/7.81.0"}
{"file":"/root/aaa/backend/main.go:264","func":"main.main.func1","level":"info","msg":"æ”¶åˆ°è·¨åŸŸè¯·æ±‚","origin":"","request_headers":{"Accept":["*/*"],"Content-Length":["389"],"Content-Type":["application/json"],"User-Agent":["curl/7.81.0"]},"request_method":"POST","request_path":"/api/deploy","time":"2025-03-12 18:53:49"}
2025/03/12 18:53:49 [INFO] æ”¶åˆ°æ–°çš„éƒ¨ç½²è¯·æ±‚
2025/03/12 18:53:49 [INFO] æ”¶åˆ°å‰ç«¯ä¼ é€çš„åŸå§‹å‚æ•°:
{"cloudProvider":"aws","region":"us-east-1","az":"us-east-1a","vpc":{"name":"main-vpc","cidr":"10.0.0.0/16","enableDnsSupport":true,"enableDnsHostnames":true},"subnet":{"name":"main-subnet","cidr":"10.0.1.0/24","mapPublicIpOnLaunch":true},"components":[{"name":"è´Ÿè½½å‡è¡¡å™¨","value":"load-balancer"}],"componentProperties":{"load-balancer":{"instance_count":"1","listener_port":"80"}}}
2025/03/12 18:53:49 [INFO] è§£æåçš„éƒ¨ç½²é…ç½®:
{
  "cloudProvider": "aws",
  "region": "us-east-1",
  "az": "us-east-1a",
  "vpc": {
    "name": "main-vpc",
    "cidr": "10.0.0.0/16",
    "enableDnsSupport": true,
    "enableDnsHostnames": true
  },
  "subnet": {
    "name": "main-subnet",
    "cidr": "10.0.1.0/24",
    "mapPublicIpOnLaunch": true
  },
  "components": [
    {
      "name": "è´Ÿè½½å‡è¡¡å™¨",
      "value": "load-balancer",
      "description": "",
      "properties": null
    }
  ],
  "componentProperties": {
    "load-balancer": {
      "instance_count": "1",
      "listener_port": "80"
    }
  }
}
2025/03/12 18:53:49 [INFO] å¼€å§‹å¼‚æ­¥å¤„ç†éƒ¨ç½²ï¼Œéƒ¨ç½²ID: 1741776829
2025/03/12 18:53:49 [INFO] å·²è¿”å›éƒ¨ç½²å¼€å§‹å“åº”ï¼Œéƒ¨ç½²ID: 1741776829
{"file":"/root/aaa/backend/main.go:289","func":"main.main.func1","level":"info","msg":"CORSè¯·æ±‚å¤„ç†å®Œæˆ","response_headers":{"Access-Control-Allow-Credentials":["true"],"Access-Control-Allow-Headers":["Origin, Content-Type, Content-Length, Accept-Encoding, X-CSRF-Token, Authorization, X-Request-ID"],"Access-Control-Allow-Methods":["GET, POST, PUT, DELETE, OPTIONS, HEAD"],"Access-Control-Allow-Origin":[""],"Access-Control-Max-Age":["86400"],"Content-Type":["application/json; charset=utf-8"]},"status":200,"time":"2025-03-12 18:53:49"}
2025/03/12 18:53:49 [INFO] å¼€å§‹å¤„ç†éƒ¨ç½² ID: 1741776829
{"error_count":0,"file":"/root/aaa/backend/main.go:57","func":"main.RequestLoggerMiddleware.func1","latency":357251,"level":"info","method":"POST","msg":"APIè¯·æ±‚å®Œæˆ","path":"/api/deploy","status":200,"time":"2025-03-12 18:53:49"}
2025/03/12 18:53:49 [INFO] åˆ›å»ºéƒ¨ç½²å·¥ä½œç›®å½•: terraform/deployments/1741776829
2025/03/12 18:53:49 [INFO] å¼€å§‹ä¸ºäº‘æä¾›å•† aws ç”ŸæˆTerraformé…ç½®
2025/03/12 18:53:49 [INFO] éƒ¨ç½²é…ç½®è¯¦æƒ…:
{
  "cloudProvider": "aws",
  "region": "us-east-1",
  "az": "us-east-1a",
  "vpc": {
    "name": "main-vpc",
    "cidr": "10.0.0.0/16",
    "enableDnsSupport": true,
    "enableDnsHostnames": true
  },
  "subnet": {
    "name": "main-subnet",
    "cidr": "10.0.1.0/24",
    "mapPublicIpOnLaunch": true
  },
  "components": [
    {
      "name": "è´Ÿè½½å‡è¡¡å™¨",
      "value": "load-balancer",
      "description": "",
      "properties": null
    }
  ],
  "componentProperties": {
    "load-balancer": {
      "instance_count": "1",
      "listener_port": "80"
    }
  }
}
2025/03/12 18:53:49 [INFO] å·²ç”Ÿæˆäº‘æä¾›å•†é…ç½®: aws, åŒºåŸŸ: us-east-1
2025/03/12 18:53:49 [INFO] å·²ç”ŸæˆVPCé…ç½®: åç§°=main-vpc, CIDR=10.0.0.0/16
2025/03/12 18:53:49 [INFO] å·²ç”Ÿæˆå­ç½‘é…ç½®: åç§°=main-subnet, CIDR=10.0.1.0/24, å¯ç”¨åŒº=us-east-1a
2025/03/12 18:53:49 [INFO] æ­£åœ¨ç”Ÿæˆç»„ä»¶é…ç½®: è´Ÿè½½å‡è¡¡å™¨ (ç±»å‹: load-balancer)
2025/03/12 18:53:49 [INFO] ç»„ä»¶å±æ€§:
{
  "instance_count": "1",
  "listener_port": "80"
}
2025/03/12 18:53:49 [INFO] Terraformé…ç½®ç”Ÿæˆå®Œæˆ
2025/03/12 18:53:49 [INFO] æ­£åœ¨ä¿å­˜Terraformé…ç½®åˆ°æ–‡ä»¶: terraform/deployments/1741776829/main.tf
2025/03/12 18:53:49 [INFO] Terraformé…ç½®å·²æˆåŠŸä¿å­˜åˆ°: terraform/deployments/1741776829/main.tf
2025/03/12 18:53:49 [DEBUG] Terraformé…ç½®æ–‡ä»¶å†…å®¹:
provider "aws" {
  region = "us-east-1"
}

resource "aws_vpc" "main-vpc" {
  cidr_block           = "10.0.0.0/16"
  enable_dns_support   = true
  enable_dns_hostnames = true
  
  tags = {
    Name = "main-vpc"
  }
}

resource "aws_subnet" "main-subnet" {
  vpc_id                  = aws_vpc.main-vpc.id
  cidr_block              = "10.0.1.0/24"
  availability_zone       = "us-east-1a"
  map_public_ip_on_launch = true
  
  tags = {
    Name = "main-subnet"
  }
}

resource "aws_lb" "load_balancer" {
  name               = "è´Ÿè½½å‡è¡¡å™¨-main-vpc"
  internal           = false
  load_balancer_type = "application"
  subnets            = [aws_subnet.main-subnet.id]
  
  enable_deletion_protection = false
}

resource "aws_lb_listener" "front_end" {
  load_balancer_arn = aws_lb.load_balancer.arn
  port              = "80"
  protocol          = "HTTP"
  
  default_action {
    type             = "forward"
    target_group_arn = aws_lb_target_group.front_end.arn
  }
}

resource "aws_lb_target_group" "front_end" {
  name     = "tf-lb-tg"
  port     = 80
  protocol = "HTTP"
  vpc_id   = aws_vpc.main-vpc.id
}

2025/03/12 18:53:49 [INFO] Terraformé…ç½®æ–‡ä»¶å·²ä¿å­˜åˆ°: terraform/deployments/1741776829/main.tf
2025/03/12 18:53:49 [INFO] å¼€å§‹åˆå§‹åŒ–Terraform
2025/03/12 18:55:03 [INFO] Terraformåˆå§‹åŒ–å®Œæˆï¼Œè¾“å‡º:
[0m[1mInitializing the backend...[0m
[0m[1mInitializing provider plugins...[0m
- Finding latest version of hashicorp/aws...
- Installing hashicorp/aws v5.90.1...
- Installed hashicorp/aws v5.90.1 (signed by HashiCorp)
Terraform has created a lock file [1m.terraform.lock.hcl[0m to record the provider
selections it made above. Include this file in your version control repository
so that Terraform can guarantee to make the same selections by default when
you run "terraform init" in the future.[0m

[0m[1m[32mTerraform has been successfully initialized![0m[32m[0m
[0m[32m
You may now begin working with Terraform. Try running "terraform plan" to see
any changes that are required for your infrastructure. All Terraform commands
should now work.

If you ever set or change modules or backend configuration for Terraform,
rerun this command to reinitialize your working directory. If you forget, other
commands will detect it and remind you to do so if necessary.[0m
2025/03/12 18:55:03 [INFO] å¼€å§‹éªŒè¯Terraformé…ç½®
2025/03/12 18:55:05 [ERROR] Terraformé…ç½®éªŒè¯å¤±è´¥: exit status 1, è¾“å‡º: [31mâ•·[0m[0m
[31mâ”‚[0m [0m[1m[31mError: [0m[0m[1monly alphanumeric characters and hyphens allowed in "name": "è´Ÿè½½å‡è¡¡å™¨-main-vpc"[0m
[31mâ”‚[0m [0m
[31mâ”‚[0m [0m[0m  with aws_lb.load_balancer,
[31mâ”‚[0m [0m  on main.tf line 27, in resource "aws_lb" "load_balancer":
[31mâ”‚[0m [0m  27:   name               = [4m"è´Ÿè½½å‡è¡¡å™¨-main-vpc"[0m[0m
[31mâ”‚[0m [0m
[31mâ•µ[0m[0m
2025/03/12 18:55:05 [ERROR] éƒ¨ç½²æ“ä½œå¤±è´¥: Terraformé…ç½®éªŒè¯å¤±è´¥: exit status 1, è¾“å‡º: [31mâ•·[0m[0m
[31mâ”‚[0m [0m[1m[31mError: [0m[0m[1monly alphanumeric characters and hyphens allowed in "name": "è´Ÿè½½å‡è¡¡å™¨-main-vpc"[0m
[31mâ”‚[0m [0m
[31mâ”‚[0m [0m[0m  with aws_lb.load_balancer,
[31mâ”‚[0m [0m  on main.tf line 27, in resource "aws_lb" "load_balancer":
[31mâ”‚[0m [0m  27:   name               = [4m"è´Ÿè½½å‡è¡¡å™¨-main-vpc"[0m[0m
[31mâ”‚[0m [0m
[31mâ•µ[0m[0m
2025/03/12 18:55:05 [ERROR] éƒ¨ç½²è¿‡ç¨‹å´©æºƒ: Terraformé…ç½®éªŒè¯å¤±è´¥: exit status 1, è¾“å‡º: [31mâ•·[0m[0m
[31mâ”‚[0m [0m[1m[31mError: [0m[0m[1monly alphanumeric characters and hyphens allowed in "name": "è´Ÿè½½å‡è¡¡å™¨-main-vpc"[0m
[31mâ”‚[0m [0m
[31mâ”‚[0m [0m[0m  with aws_lb.load_balancer,
[31mâ”‚[0m [0m  on main.tf line 27, in resource "aws_lb" "load_balancer":
[31mâ”‚[0m [0m  27:   name               = [4m"è´Ÿè½½å‡è¡¡å™¨-main-vpc"[0m[0m
[31mâ”‚[0m [0m
[31mâ•µ[0m[0m
{"client_ip":"127.0.0.1","file":"/root/aaa/backend/main.go:41","func":"main.RequestLoggerMiddleware.func1","level":"info","method":"POST","msg":"æ”¶åˆ°APIè¯·æ±‚","path":"/api/deploy","request_id":"","time":"2025-03-12 18:57:53","user_agent":"curl/7.81.0"}
{"file":"/root/aaa/backend/main.go:264","func":"main.main.func1","level":"info","msg":"æ”¶åˆ°è·¨åŸŸè¯·æ±‚","origin":"","request_headers":{"Accept":["*/*"],"Content-Length":["238"],"Content-Type":["application/json"],"User-Agent":["curl/7.81.0"]},"request_method":"POST","request_path":"/api/deploy","time":"2025-03-12 18:57:53"}
2025/03/12 18:57:53 [INFO] æ”¶åˆ°æ–°çš„éƒ¨ç½²è¯·æ±‚
2025/03/12 18:57:53 [INFO] æ”¶åˆ°å‰ç«¯ä¼ é€çš„åŸå§‹å‚æ•°:
{"cloudProvider":"aws","region":"us-east-1","az":"us-east-1a","vpc":{"name":"main-vpc","cidr":"10.0.0.0/16","enableDnsSupport":true,"enableDnsHostnames":true},"subnet":{"name":"main-subnet","cidr":"10.0.1.0/24","mapPublicIpOnLaunch":true}
2025/03/12 18:57:53 [ERROR] è§£æéƒ¨ç½²é…ç½®å¤±è´¥: unexpected EOF
{"file":"/root/aaa/backend/main.go:289","func":"main.main.func1","level":"info","msg":"CORSè¯·æ±‚å¤„ç†å®Œæˆ","response_headers":{"Access-Control-Allow-Credentials":["true"],"Access-Control-Allow-Headers":["Origin, Content-Type, Content-Length, Accept-Encoding, X-CSRF-Token, Authorization, X-Request-ID"],"Access-Control-Allow-Methods":["GET, POST, PUT, DELETE, OPTIONS, HEAD"],"Access-Control-Allow-Origin":[""],"Access-Control-Max-Age":["86400"],"Content-Type":["application/json; charset=utf-8"]},"status":400,"time":"2025-03-12 18:57:53"}
{"error_count":0,"file":"/root/aaa/backend/main.go:57","func":"main.RequestLoggerMiddleware.func1","latency":235409,"level":"info","method":"POST","msg":"APIè¯·æ±‚å®Œæˆ","path":"/api/deploy","status":400,"time":"2025-03-12 18:57:53"}
{"client_ip":"127.0.0.1","file":"/root/aaa/backend/main.go:41","func":"main.RequestLoggerMiddleware.func1","level":"info","method":"POST","msg":"æ”¶åˆ°APIè¯·æ±‚","path":"/api/deploy","request_id":"","time":"2025-03-12 18:58:42","user_agent":"curl/7.81.0"}
{"file":"/root/aaa/backend/main.go:264","func":"main.main.func1","level":"info","msg":"æ”¶åˆ°è·¨åŸŸè¯·æ±‚","origin":"","request_headers":{"Accept":["*/*"],"Content-Length":["240"],"Content-Type":["application/json"],"User-Agent":["curl/7.81.0"]},"request_method":"POST","request_path":"/api/deploy","time":"2025-03-12 18:58:42"}
2025/03/12 18:58:42 [INFO] æ”¶åˆ°æ–°çš„éƒ¨ç½²è¯·æ±‚
2025/03/12 18:58:42 [INFO] æ”¶åˆ°å‰ç«¯ä¼ é€çš„åŸå§‹å‚æ•°:
{"cloudProvider":"aws","region":"us-east-1","az":"us-east-1a","vpc":{"name":"main-vpc","cidr":"10.0.0.0/16","enableDnsSupport":true,"enableDnsHostnames":true},"subnet":{"name":"main-subnet","cidr":"10.0.1.0/24","mapPublicIpOnLaunch":true}}}
2025/03/12 18:58:42 [INFO] è§£æåçš„éƒ¨ç½²é…ç½®:
{
  "cloudProvider": "aws",
  "region": "us-east-1",
  "az": "us-east-1a",
  "vpc": {
    "name": "main-vpc",
    "cidr": "10.0.0.0/16",
    "enableDnsSupport": true,
    "enableDnsHostnames": true
  },
  "subnet": {
    "name": "main-subnet",
    "cidr": "10.0.1.0/24",
    "mapPublicIpOnLaunch": true
  },
  "components": null,
  "componentProperties": null
}
2025/03/12 18:58:42 [INFO] å¼€å§‹å¼‚æ­¥å¤„ç†éƒ¨ç½²ï¼Œéƒ¨ç½²ID: 1741777122
2025/03/12 18:58:42 [INFO] å·²è¿”å›éƒ¨ç½²å¼€å§‹å“åº”ï¼Œéƒ¨ç½²ID: 1741777122
{"file":"/root/aaa/backend/main.go:289","func":"main.main.func1","level":"info","msg":"CORSè¯·æ±‚å¤„ç†å®Œæˆ","response_headers":{"Access-Control-Allow-Credentials":["true"],"Access-Control-Allow-Headers":["Origin, Content-Type, Content-Length, Accept-Encoding, X-CSRF-Token, Authorization, X-Request-ID"],"Access-Control-Allow-Methods":["GET, POST, PUT, DELETE, OPTIONS, HEAD"],"Access-Control-Allow-Origin":[""],"Access-Control-Max-Age":["86400"],"Content-Type":["application/json; charset=utf-8"]},"status":200,"time":"2025-03-12 18:58:42"}
{"error_count":0,"file":"/root/aaa/backend/main.go:57","func":"main.RequestLoggerMiddleware.func1","latency":334836,"level":"info","method":"POST","msg":"APIè¯·æ±‚å®Œæˆ","path":"/api/deploy","status":200,"time":"2025-03-12 18:58:42"}
2025/03/12 18:58:42 [INFO] å¼€å§‹å¤„ç†éƒ¨ç½² ID: 1741777122
2025/03/12 18:58:42 [INFO] åˆ›å»ºéƒ¨ç½²å·¥ä½œç›®å½•: terraform/deployments/1741777122
2025/03/12 18:58:42 [INFO] å¼€å§‹ä¸ºäº‘æä¾›å•† aws ç”ŸæˆTerraformé…ç½®
2025/03/12 18:58:42 [INFO] éƒ¨ç½²é…ç½®è¯¦æƒ…:
{
  "cloudProvider": "aws",
  "region": "us-east-1",
  "az": "us-east-1a",
  "vpc": {
    "name": "main-vpc",
    "cidr": "10.0.0.0/16",
    "enableDnsSupport": true,
    "enableDnsHostnames": true
  },
  "subnet": {
    "name": "main-subnet",
    "cidr": "10.0.1.0/24",
    "mapPublicIpOnLaunch": true
  },
  "components": null,
  "componentProperties": null
}
2025/03/12 18:58:42 [INFO] å·²ç”Ÿæˆäº‘æä¾›å•†é…ç½®: aws, åŒºåŸŸ: us-east-1
2025/03/12 18:58:42 [INFO] å·²ç”ŸæˆVPCé…ç½®: åç§°=main-vpc, CIDR=10.0.0.0/16
2025/03/12 18:58:42 [INFO] å·²ç”Ÿæˆå­ç½‘é…ç½®: åç§°=main-subnet, CIDR=10.0.1.0/24, å¯ç”¨åŒº=us-east-1a
2025/03/12 18:58:42 [INFO] Terraformé…ç½®ç”Ÿæˆå®Œæˆ
2025/03/12 18:58:42 [INFO] æ­£åœ¨ä¿å­˜Terraformé…ç½®åˆ°æ–‡ä»¶: terraform/deployments/1741777122/main.tf
2025/03/12 18:58:42 [INFO] Terraformé…ç½®å·²æˆåŠŸä¿å­˜åˆ°: terraform/deployments/1741777122/main.tf
2025/03/12 18:58:42 [DEBUG] Terraformé…ç½®æ–‡ä»¶å†…å®¹:
provider "aws" {
  region = "us-east-1"
}

resource "aws_vpc" "main-vpc" {
  cidr_block           = "10.0.0.0/16"
  enable_dns_support   = true
  enable_dns_hostnames = true
  
  tags = {
    Name = "main-vpc"
  }
}

resource "aws_subnet" "main-subnet" {
  vpc_id                  = aws_vpc.main-vpc.id
  cidr_block              = "10.0.1.0/24"
  availability_zone       = "us-east-1a"
  map_public_ip_on_launch = true
  
  tags = {
    Name = "main-subnet"
  }
}

2025/03/12 18:58:42 [INFO] Terraformé…ç½®æ–‡ä»¶å·²ä¿å­˜åˆ°: terraform/deployments/1741777122/main.tf
2025/03/12 18:58:42 [INFO] å¼€å§‹åˆå§‹åŒ–Terraform
{"client_ip":"127.0.0.1","file":"/root/aaa/backend/main.go:41","func":"main.RequestLoggerMiddleware.func1","level":"info","method":"POST","msg":"æ”¶åˆ°APIè¯·æ±‚","path":"/api/deploy","request_id":"","time":"2025-03-12 19:04:34","user_agent":"curl/7.81.0"}
{"file":"/root/aaa/backend/main.go:264","func":"main.main.func1","level":"info","msg":"æ”¶åˆ°è·¨åŸŸè¯·æ±‚","origin":"","request_headers":{"Accept":["*/*"],"Content-Length":["240"],"Content-Type":["application/json"],"User-Agent":["curl/7.81.0"]},"request_method":"POST","request_path":"/api/deploy","time":"2025-03-12 19:04:34"}
2025/03/12 19:04:34 [INFO] æ”¶åˆ°æ–°çš„éƒ¨ç½²è¯·æ±‚
2025/03/12 19:04:34 [INFO] æ”¶åˆ°å‰ç«¯ä¼ é€çš„åŸå§‹å‚æ•°:
{"cloudProvider":"aws","region":"us-east-1","az":"us-east-1a","vpc":{"name":"main-vpc","cidr":"10.0.0.0/16","enableDnsSupport":true,"enableDnsHostnames":true},"subnet":{"name":"main-subnet","cidr":"10.0.1.0/24","mapPublicIpOnLaunch":true}}}
2025/03/12 19:04:34 [INFO] è§£æåçš„éƒ¨ç½²é…ç½®:
{
  "cloudProvider": "aws",
  "region": "us-east-1",
  "az": "us-east-1a",
  "vpc": {
    "name": "main-vpc",
    "cidr": "10.0.0.0/16",
    "enableDnsSupport": true,
    "enableDnsHostnames": true
  },
  "subnet": {
    "name": "main-subnet",
    "cidr": "10.0.1.0/24",
    "mapPublicIpOnLaunch": true
  },
  "components": null,
  "componentProperties": null
}
2025/03/12 19:04:34 [INFO] å¼€å§‹å¼‚æ­¥å¤„ç†éƒ¨ç½²ï¼Œéƒ¨ç½²ID: 1741777474
2025/03/12 19:04:34 [INFO] å·²è¿”å›éƒ¨ç½²å¼€å§‹å“åº”ï¼Œéƒ¨ç½²ID: 1741777474
{"file":"/root/aaa/backend/main.go:289","func":"main.main.func1","level":"info","msg":"CORSè¯·æ±‚å¤„ç†å®Œæˆ","response_headers":{"Access-Control-Allow-Credentials":["true"],"Access-Control-Allow-Headers":["Origin, Content-Type, Content-Length, Accept-Encoding, X-CSRF-Token, Authorization, X-Request-ID"],"Access-Control-Allow-Methods":["GET, POST, PUT, DELETE, OPTIONS, HEAD"],"Access-Control-Allow-Origin":[""],"Access-Control-Max-Age":["86400"],"Content-Type":["application/json; charset=utf-8"]},"status":200,"time":"2025-03-12 19:04:34"}
{"error_count":0,"file":"/root/aaa/backend/main.go:57","func":"main.RequestLoggerMiddleware.func1","latency":605014,"level":"info","method":"POST","msg":"APIè¯·æ±‚å®Œæˆ","path":"/api/deploy","status":200,"time":"2025-03-12 19:04:34"}
2025/03/12 19:04:34 [INFO] å¼€å§‹å¤„ç†éƒ¨ç½² ID: 1741777474
2025/03/12 19:04:34 [INFO] åˆ›å»ºéƒ¨ç½²å·¥ä½œç›®å½•: terraform/deployments/1741777474
2025/03/12 19:04:34 [INFO] å¼€å§‹ä¸ºäº‘æä¾›å•† aws ç”ŸæˆTerraformé…ç½®
2025/03/12 19:04:34 [INFO] éƒ¨ç½²é…ç½®è¯¦æƒ…:
{
  "cloudProvider": "aws",
  "region": "us-east-1",
  "az": "us-east-1a",
  "vpc": {
    "name": "main-vpc",
    "cidr": "10.0.0.0/16",
    "enableDnsSupport": true,
    "enableDnsHostnames": true
  },
  "subnet": {
    "name": "main-subnet",
    "cidr": "10.0.1.0/24",
    "mapPublicIpOnLaunch": true
  },
  "components": null,
  "componentProperties": null
}
2025/03/12 19:04:34 [INFO] å·²ç”Ÿæˆäº‘æä¾›å•†é…ç½®: aws, åŒºåŸŸ: us-east-1
2025/03/12 19:04:34 [INFO] å·²ç”ŸæˆVPCé…ç½®: åç§°=main-vpc, CIDR=10.0.0.0/16
2025/03/12 19:04:34 [INFO] å·²ç”Ÿæˆå­ç½‘é…ç½®: åç§°=main-subnet, CIDR=10.0.1.0/24, å¯ç”¨åŒº=us-east-1a
2025/03/12 19:04:34 [INFO] Terraformé…ç½®ç”Ÿæˆå®Œæˆ
2025/03/12 19:04:34 [INFO] æ­£åœ¨ä¿å­˜Terraformé…ç½®åˆ°æ–‡ä»¶: terraform/deployments/1741777474/main.tf
2025/03/12 19:04:34 [INFO] Terraformé…ç½®å·²æˆåŠŸä¿å­˜åˆ°: terraform/deployments/1741777474/main.tf
2025/03/12 19:04:34 [DEBUG] Terraformé…ç½®æ–‡ä»¶å†…å®¹:
provider "aws" {
  region = "us-east-1"
}

resource "aws_vpc" "main-vpc" {
  cidr_block           = "10.0.0.0/16"
  enable_dns_support   = true
  enable_dns_hostnames = true
  
  tags = {
    Name = "main-vpc"
  }
}

resource "aws_subnet" "main-subnet" {
  vpc_id                  = aws_vpc.main-vpc.id
  cidr_block              = "10.0.1.0/24"
  availability_zone       = "us-east-1a"
  map_public_ip_on_launch = true
  
  tags = {
    Name = "main-subnet"
  }
}

2025/03/12 19:04:34 [INFO] Terraformé…ç½®æ–‡ä»¶å·²ä¿å­˜åˆ°: terraform/deployments/1741777474/main.tf
2025/03/12 19:04:34 [INFO] å¼€å§‹åˆå§‹åŒ–Terraform
2025/03/12 19:05:51 [INFO] Terraformåˆå§‹åŒ–å®Œæˆï¼Œè¾“å‡º:
[0m[1mInitializing the backend...[0m
[0m[1mInitializing provider plugins...[0m
- Finding latest version of hashicorp/aws...
- Installing hashicorp/aws v5.90.1...
- Installed hashicorp/aws v5.90.1 (signed by HashiCorp)
Terraform has created a lock file [1m.terraform.lock.hcl[0m to record the provider
selections it made above. Include this file in your version control repository
so that Terraform can guarantee to make the same selections by default when
you run "terraform init" in the future.[0m

[0m[1m[32mTerraform has been successfully initialized![0m[32m[0m
[0m[32m
You may now begin working with Terraform. Try running "terraform plan" to see
any changes that are required for your infrastructure. All Terraform commands
should now work.

If you ever set or change modules or backend configuration for Terraform,
rerun this command to reinitialize your working directory. If you forget, other
commands will detect it and remind you to do so if necessary.[0m
2025/03/12 19:05:51 [INFO] å¼€å§‹éªŒè¯Terraformé…ç½®
2025/03/12 19:05:53 [INFO] Terraformé…ç½®éªŒè¯é€šè¿‡ï¼Œè¾“å‡º:
[32m[1mSuccess![0m The configuration is valid.
[0m
2025/03/12 19:05:53 [INFO] å¼€å§‹ç”ŸæˆTerraformæ‰§è¡Œè®¡åˆ’
2025/03/12 19:06:00 [ERROR] Terraformè®¡åˆ’ç”Ÿæˆå¤±è´¥: exit status 1, è¾“å‡º: 
[0m[1m[31mPlanning failed.[0m[1m Terraform encountered an error while generating this plan.[0m

[0m[31mâ•·[0m[0m
[31mâ”‚[0m [0m[1m[31mError: [0m[0m[1mNo valid credential sources found[0m
[31mâ”‚[0m [0m
[31mâ”‚[0m [0m[0m  with provider["registry.terraform.io/hashicorp/aws"],
[31mâ”‚[0m [0m  on main.tf line 1, in provider "aws":
[31mâ”‚[0m [0m   1: provider "aws" [4m{[0m[0m
[31mâ”‚[0m [0m
[31mâ”‚[0m [0mPlease see https://registry.terraform.io/providers/hashicorp/aws
[31mâ”‚[0m [0mfor more information about providing credentials.
[31mâ”‚[0m [0m
[31mâ”‚[0m [0mError: failed to refresh cached credentials, no EC2 IMDS role found,
[31mâ”‚[0m [0moperation error ec2imds: GetMetadata, request canceled, context deadline
[31mâ”‚[0m [0mexceeded
[31mâ”‚[0m [0m
[31mâ•µ[0m[0m
2025/03/12 19:06:00 [ERROR] éƒ¨ç½²æ“ä½œå¤±è´¥: Terraformè®¡åˆ’ç”Ÿæˆå¤±è´¥: exit status 1, è¾“å‡º: 
[0m[1m[31mPlanning failed.[0m[1m Terraform encountered an error while generating this plan.[0m

[0m[31mâ•·[0m[0m
[31mâ”‚[0m [0m[1m[31mError: [0m[0m[1mNo valid credential sources found[0m
[31mâ”‚[0m [0m
[31mâ”‚[0m [0m[0m  with provider["registry.terraform.io/hashicorp/aws"],
[31mâ”‚[0m [0m  on main.tf line 1, in provider "aws":
[31mâ”‚[0m [0m   1: provider "aws" [4m{[0m[0m
[31mâ”‚[0m [0m
[31mâ”‚[0m [0mPlease see https://registry.terraform.io/providers/hashicorp/aws
[31mâ”‚[0m [0mfor more information about providing credentials.
[31mâ”‚[0m [0m
[31mâ”‚[0m [0mError: failed to refresh cached credentials, no EC2 IMDS role found,
[31mâ”‚[0m [0moperation error ec2imds: GetMetadata, request canceled, context deadline
[31mâ”‚[0m [0mexceeded
[31mâ”‚[0m [0m
[31mâ•µ[0m[0m
2025/03/12 19:06:00 [ERROR] éƒ¨ç½²è¿‡ç¨‹å´©æºƒ: Terraformè®¡åˆ’ç”Ÿæˆå¤±è´¥: exit status 1, è¾“å‡º: 
[0m[1m[31mPlanning failed.[0m[1m Terraform encountered an error while generating this plan.[0m

[0m[31mâ•·[0m[0m
[31mâ”‚[0m [0m[1m[31mError: [0m[0m[1mNo valid credential sources found[0m
[31mâ”‚[0m [0m
[31mâ”‚[0m [0m[0m  with provider["registry.terraform.io/hashicorp/aws"],
[31mâ”‚[0m [0m  on main.tf line 1, in provider "aws":
[31mâ”‚[0m [0m   1: provider "aws" [4m{[0m[0m
[31mâ”‚[0m [0m
[31mâ”‚[0m [0mPlease see https://registry.terraform.io/providers/hashicorp/aws
[31mâ”‚[0m [0mfor more information about providing credentials.
[31mâ”‚[0m [0m
[31mâ”‚[0m [0mError: failed to refresh cached credentials, no EC2 IMDS role found,
[31mâ”‚[0m [0moperation error ec2imds: GetMetadata, request canceled, context deadline
[31mâ”‚[0m [0mexceeded
[31mâ”‚[0m [0m
[31mâ•µ[0m[0m
{"client_ip":"127.0.0.1","file":"/root/aaa/backend/main.go:41","func":"main.RequestLoggerMiddleware.func1","level":"info","method":"POST","msg":"æ”¶åˆ°APIè¯·æ±‚","path":"/api/deploy","request_id":"","time":"2025-03-12 19:06:24","user_agent":"curl/7.81.0"}
{"file":"/root/aaa/backend/main.go:264","func":"main.main.func1","level":"info","msg":"æ”¶åˆ°è·¨åŸŸè¯·æ±‚","origin":"","request_headers":{"Accept":["*/*"],"Content-Length":["242"],"Content-Type":["application/json"],"User-Agent":["curl/7.81.0"]},"request_method":"POST","request_path":"/api/deploy","time":"2025-03-12 19:06:24"}
2025/03/12 19:06:24 [INFO] æ”¶åˆ°æ–°çš„éƒ¨ç½²è¯·æ±‚
2025/03/12 19:06:24 [INFO] æ”¶åˆ°å‰ç«¯ä¼ é€çš„åŸå§‹å‚æ•°:
{"cloudProvider":"aws","region":"cn-north-1","az":"cn-north-1a","vpc":{"name":"main-vpc","cidr":"10.0.0.0/16","enableDnsSupport":true,"enableDnsHostnames":true},"subnet":{"name":"main-subnet","cidr":"10.0.1.0/24","mapPublicIpOnLaunch":true}}}
2025/03/12 19:06:24 [INFO] è§£æåçš„éƒ¨ç½²é…ç½®:
{
  "cloudProvider": "aws",
  "region": "cn-north-1",
  "az": "cn-north-1a",
  "vpc": {
    "name": "main-vpc",
    "cidr": "10.0.0.0/16",
    "enableDnsSupport": true,
    "enableDnsHostnames": true
  },
  "subnet": {
    "name": "main-subnet",
    "cidr": "10.0.1.0/24",
    "mapPublicIpOnLaunch": true
  },
  "components": null,
  "componentProperties": null
}
2025/03/12 19:06:24 [INFO] å¼€å§‹å¼‚æ­¥å¤„ç†éƒ¨ç½²ï¼Œéƒ¨ç½²ID: 1741777584
2025/03/12 19:06:24 [INFO] å·²è¿”å›éƒ¨ç½²å¼€å§‹å“åº”ï¼Œéƒ¨ç½²ID: 1741777584
{"file":"/root/aaa/backend/main.go:289","func":"main.main.func1","level":"info","msg":"CORSè¯·æ±‚å¤„ç†å®Œæˆ","response_headers":{"Access-Control-Allow-Credentials":["true"],"Access-Control-Allow-Headers":["Origin, Content-Type, Content-Length, Accept-Encoding, X-CSRF-Token, Authorization, X-Request-ID"],"Access-Control-Allow-Methods":["GET, POST, PUT, DELETE, OPTIONS, HEAD"],"Access-Control-Allow-Origin":[""],"Access-Control-Max-Age":["86400"],"Content-Type":["application/json; charset=utf-8"]},"status":200,"time":"2025-03-12 19:06:24"}
{"error_count":0,"file":"/root/aaa/backend/main.go:57","func":"main.RequestLoggerMiddleware.func1","latency":798337,"level":"info","method":"POST","msg":"APIè¯·æ±‚å®Œæˆ","path":"/api/deploy","status":200,"time":"2025-03-12 19:06:24"}
2025/03/12 19:06:24 [INFO] å¼€å§‹å¤„ç†éƒ¨ç½² ID: 1741777584
2025/03/12 19:06:24 [INFO] åˆ›å»ºéƒ¨ç½²å·¥ä½œç›®å½•: terraform/deployments/1741777584
2025/03/12 19:06:24 [INFO] å¼€å§‹ä¸ºäº‘æä¾›å•† aws ç”ŸæˆTerraformé…ç½®
2025/03/12 19:06:24 [INFO] éƒ¨ç½²é…ç½®è¯¦æƒ…:
{
  "cloudProvider": "aws",
  "region": "cn-north-1",
  "az": "cn-north-1a",
  "vpc": {
    "name": "main-vpc",
    "cidr": "10.0.0.0/16",
    "enableDnsSupport": true,
    "enableDnsHostnames": true
  },
  "subnet": {
    "name": "main-subnet",
    "cidr": "10.0.1.0/24",
    "mapPublicIpOnLaunch": true
  },
  "components": null,
  "componentProperties": null
}
2025/03/12 19:06:24 [INFO] å·²ç”Ÿæˆäº‘æä¾›å•†é…ç½®: aws, åŒºåŸŸ: cn-north-1
2025/03/12 19:06:24 [INFO] å·²ç”ŸæˆVPCé…ç½®: åç§°=main-vpc, CIDR=10.0.0.0/16
2025/03/12 19:06:24 [INFO] å·²ç”Ÿæˆå­ç½‘é…ç½®: åç§°=main-subnet, CIDR=10.0.1.0/24, å¯ç”¨åŒº=cn-north-1a
2025/03/12 19:06:24 [INFO] Terraformé…ç½®ç”Ÿæˆå®Œæˆ
2025/03/12 19:06:24 [INFO] æ­£åœ¨ä¿å­˜Terraformé…ç½®åˆ°æ–‡ä»¶: terraform/deployments/1741777584/main.tf
2025/03/12 19:06:24 [INFO] Terraformé…ç½®å·²æˆåŠŸä¿å­˜åˆ°: terraform/deployments/1741777584/main.tf
2025/03/12 19:06:24 [DEBUG] Terraformé…ç½®æ–‡ä»¶å†…å®¹:
provider "aws" {
  region = "cn-north-1"
}

resource "aws_vpc" "main-vpc" {
  cidr_block           = "10.0.0.0/16"
  enable_dns_support   = true
  enable_dns_hostnames = true
  
  tags = {
    Name = "main-vpc"
  }
}

resource "aws_subnet" "main-subnet" {
  vpc_id                  = aws_vpc.main-vpc.id
  cidr_block              = "10.0.1.0/24"
  availability_zone       = "cn-north-1a"
  map_public_ip_on_launch = true
  
  tags = {
    Name = "main-subnet"
  }
}

2025/03/12 19:06:24 [INFO] Terraformé…ç½®æ–‡ä»¶å·²ä¿å­˜åˆ°: terraform/deployments/1741777584/main.tf
2025/03/12 19:06:24 [INFO] å¼€å§‹åˆå§‹åŒ–Terraform
2025/03/12 19:10:43 [ERROR] Terraformåˆå§‹åŒ–å¤±è´¥: exit status 1, è¾“å‡º: [0m[1mInitializing the backend...[0m
[0m[1mInitializing provider plugins...[0m
- Finding latest version of hashicorp/aws...
- Installing hashicorp/aws v5.90.1...
[31mâ•·[0m[0m
[31mâ”‚[0m [0m[1m[31mError: [0m[0m[1mFailed to install provider[0m
[31mâ”‚[0m [0m
[31mâ”‚[0m [0m[0mError while installing hashicorp/aws v5.90.1: releases.hashicorp.com: read
[31mâ”‚[0m [0mtcp 10.168.0.5:38320->3.165.39.46:443: read: connection reset by peer
[31mâ•µ[0m[0m
2025/03/12 19:10:43 [ERROR] éƒ¨ç½²æ“ä½œå¤±è´¥: Terraformåˆå§‹åŒ–å¤±è´¥: exit status 1, è¾“å‡º: [0m[1mInitializing the backend...[0m
[0m[1mInitializing provider plugins...[0m
- Finding latest version of hashicorp/aws...
- Installing hashicorp/aws v5.90.1...
[31mâ•·[0m[0m
[31mâ”‚[0m [0m[1m[31mError: [0m[0m[1mFailed to install provider[0m
[31mâ”‚[0m [0m
[31mâ”‚[0m [0m[0mError while installing hashicorp/aws v5.90.1: releases.hashicorp.com: read
[31mâ”‚[0m [0mtcp 10.168.0.5:38320->3.165.39.46:443: read: connection reset by peer
[31mâ•µ[0m[0m
2025/03/12 19:10:43 [ERROR] éƒ¨ç½²è¿‡ç¨‹å´©æºƒ: Terraformåˆå§‹åŒ–å¤±è´¥: exit status 1, è¾“å‡º: [0m[1mInitializing the backend...[0m
[0m[1mInitializing provider plugins...[0m
- Finding latest version of hashicorp/aws...
- Installing hashicorp/aws v5.90.1...
[31mâ•·[0m[0m
[31mâ”‚[0m [0m[1m[31mError: [0m[0m[1mFailed to install provider[0m
[31mâ”‚[0m [0m
[31mâ”‚[0m [0m[0mError while installing hashicorp/aws v5.90.1: releases.hashicorp.com: read
[31mâ”‚[0m [0mtcp 10.168.0.5:38320->3.165.39.46:443: read: connection reset by peer
[31mâ•µ[0m[0m
2025/03/12 19:19:52 [ERROR] Terraformåˆå§‹åŒ–å¤±è´¥: exit status 1, è¾“å‡º: [0m[1mInitializing the backend...[0m
[0m[1mInitializing provider plugins...[0m
- Finding latest version of hashicorp/aws...
- Installing hashicorp/aws v5.90.1...
[31mâ•·[0m[0m
[31mâ”‚[0m [0m[1m[31mError: [0m[0m[1mFailed to install provider[0m
[31mâ”‚[0m [0m
[31mâ”‚[0m [0m[0mError while installing hashicorp/aws v5.90.1: releases.hashicorp.com: read
[31mâ”‚[0m [0mtcp 10.168.0.5:60880->3.165.39.106:443: read: connection timed out
[31mâ•µ[0m[0m
2025/03/12 19:19:52 [ERROR] éƒ¨ç½²æ“ä½œå¤±è´¥: Terraformåˆå§‹åŒ–å¤±è´¥: exit status 1, è¾“å‡º: [0m[1mInitializing the backend...[0m
[0m[1mInitializing provider plugins...[0m
- Finding latest version of hashicorp/aws...
- Installing hashicorp/aws v5.90.1...
[31mâ•·[0m[0m
[31mâ”‚[0m [0m[1m[31mError: [0m[0m[1mFailed to install provider[0m
[31mâ”‚[0m [0m
[31mâ”‚[0m [0m[0mError while installing hashicorp/aws v5.90.1: releases.hashicorp.com: read
[31mâ”‚[0m [0mtcp 10.168.0.5:60880->3.165.39.106:443: read: connection timed out
[31mâ•µ[0m[0m
2025/03/12 19:19:52 [ERROR] éƒ¨ç½²è¿‡ç¨‹å´©æºƒ: Terraformåˆå§‹åŒ–å¤±è´¥: exit status 1, è¾“å‡º: [0m[1mInitializing the backend...[0m
[0m[1mInitializing provider plugins...[0m
- Finding latest version of hashicorp/aws...
- Installing hashicorp/aws v5.90.1...
[31mâ•·[0m[0m
[31mâ”‚[0m [0m[1m[31mError: [0m[0m[1mFailed to install provider[0m
[31mâ”‚[0m [0m
[31mâ”‚[0m [0m[0mError while installing hashicorp/aws v5.90.1: releases.hashicorp.com: read
[31mâ”‚[0m [0mtcp 10.168.0.5:60880->3.165.39.106:443: read: connection timed out
[31mâ•µ[0m[0m
{"client_ip":"121.199.174.166","file":"/root/aaa/backend/main.go:41","func":"main.RequestLoggerMiddleware.func1","level":"info","method":"GET","msg":"æ”¶åˆ°APIè¯·æ±‚","path":"/","request_id":"","time":"2025-03-12 19:28:45","user_agent":""}
{"file":"/root/aaa/backend/main.go:264","func":"main.main.func1","level":"info","msg":"æ”¶åˆ°è·¨åŸŸè¯·æ±‚","origin":"","request_headers":{},"request_method":"GET","request_path":"/","time":"2025-03-12 19:28:45"}
{"file":"/root/aaa/backend/main.go:289","func":"main.main.func1","level":"info","msg":"CORSè¯·æ±‚å¤„ç†å®Œæˆ","response_headers":{"Access-Control-Allow-Credentials":["true"],"Access-Control-Allow-Headers":["Origin, Content-Type, Content-Length, Accept-Encoding, X-CSRF-Token, Authorization, X-Request-ID"],"Access-Control-Allow-Methods":["GET, POST, PUT, DELETE, OPTIONS, HEAD"],"Access-Control-Allow-Origin":[""],"Access-Control-Max-Age":["86400"]},"status":404,"time":"2025-03-12 19:28:45"}
{"error_count":0,"file":"/root/aaa/backend/main.go:57","func":"main.RequestLoggerMiddleware.func1","latency":181566,"level":"info","method":"GET","msg":"APIè¯·æ±‚å®Œæˆ","path":"/","status":404,"time":"2025-03-12 19:28:45"}
{"client_ip":"121.199.174.166","file":"/root/aaa/backend/main.go:41","func":"main.RequestLoggerMiddleware.func1","level":"info","method":"OPTIONS","msg":"æ”¶åˆ°APIè¯·æ±‚","path":"/","request_id":"","time":"2025-03-12 19:28:45","user_agent":""}
{"file":"/root/aaa/backend/main.go:264","func":"main.main.func1","level":"info","msg":"æ”¶åˆ°è·¨åŸŸè¯·æ±‚","origin":"","request_headers":{},"request_method":"OPTIONS","request_path":"/","time":"2025-03-12 19:28:45"}
{"cors_headers":{"Access-Control-Allow-Credentials":["true"],"Access-Control-Allow-Headers":["Origin, Content-Type, Content-Length, Accept-Encoding, X-CSRF-Token, Authorization, X-Request-ID"],"Access-Control-Allow-Methods":["GET, POST, PUT, DELETE, OPTIONS, HEAD"],"Access-Control-Allow-Origin":[""],"Access-Control-Max-Age":["86400"]},"file":"/root/aaa/backend/main.go:277","func":"main.main.func1","level":"info","msg":"å“åº”OPTIONSé¢„æ£€è¯·æ±‚","time":"2025-03-12 19:28:45"}
{"error_count":0,"file":"/root/aaa/backend/main.go:57","func":"main.RequestLoggerMiddleware.func1","latency":113982,"level":"info","method":"OPTIONS","msg":"APIè¯·æ±‚å®Œæˆ","path":"/","status":204,"time":"2025-03-12 19:28:45"}
{"client_ip":"121.199.174.166","file":"/root/aaa/backend/main.go:41","func":"main.RequestLoggerMiddleware.func1","level":"info","method":"GET","msg":"æ”¶åˆ°APIè¯·æ±‚","path":"/nice ports,/Trinity.txt.bak","request_id":"","time":"2025-03-12 19:29:00","user_agent":""}
{"file":"/root/aaa/backend/main.go:264","func":"main.main.func1","level":"info","msg":"æ”¶åˆ°è·¨åŸŸè¯·æ±‚","origin":"","request_headers":{},"request_method":"GET","request_path":"/nice ports,/Trinity.txt.bak","time":"2025-03-12 19:29:00"}
{"file":"/root/aaa/backend/main.go:289","func":"main.main.func1","level":"info","msg":"CORSè¯·æ±‚å¤„ç†å®Œæˆ","response_headers":{"Access-Control-Allow-Credentials":["true"],"Access-Control-Allow-Headers":["Origin, Content-Type, Content-Length, Accept-Encoding, X-CSRF-Token, Authorization, X-Request-ID"],"Access-Control-Allow-Methods":["GET, POST, PUT, DELETE, OPTIONS, HEAD"],"Access-Control-Allow-Origin":[""],"Access-Control-Max-Age":["86400"]},"status":404,"time":"2025-03-12 19:29:00"}
{"error_count":0,"file":"/root/aaa/backend/main.go:57","func":"main.RequestLoggerMiddleware.func1","latency":150620,"level":"info","method":"GET","msg":"APIè¯·æ±‚å®Œæˆ","path":"/nice ports,/Trinity.txt.bak","status":404,"time":"2025-03-12 19:29:00"}
{"client_ip":"121.199.174.166","file":"/root/aaa/backend/main.go:41","func":"main.RequestLoggerMiddleware.func1","level":"info","method":"POST","msg":"æ”¶åˆ°APIè¯·æ±‚","path":"/sdk","request_id":"","time":"2025-03-12 19:29:10","user_agent":"Mozilla/5.0 (compatible; Nmap Scripting Engine; https://nmap.org/book/nse.html)"}
{"file":"/root/aaa/backend/main.go:264","func":"main.main.func1","level":"info","msg":"æ”¶åˆ°è·¨åŸŸè¯·æ±‚","origin":"","request_headers":{"Connection":["close"],"Content-Length":["441"],"User-Agent":["Mozilla/5.0 (compatible; Nmap Scripting Engine; https://nmap.org/book/nse.html)"]},"request_method":"POST","request_path":"/sdk","time":"2025-03-12 19:29:10"}
{"file":"/root/aaa/backend/main.go:289","func":"main.main.func1","level":"info","msg":"CORSè¯·æ±‚å¤„ç†å®Œæˆ","response_headers":{"Access-Control-Allow-Credentials":["true"],"Access-Control-Allow-Headers":["Origin, Content-Type, Content-Length, Accept-Encoding, X-CSRF-Token, Authorization, X-Request-ID"],"Access-Control-Allow-Methods":["GET, POST, PUT, DELETE, OPTIONS, HEAD"],"Access-Control-Allow-Origin":[""],"Access-Control-Max-Age":["86400"]},"status":404,"time":"2025-03-12 19:29:10"}
{"error_count":0,"file":"/root/aaa/backend/main.go:57","func":"main.RequestLoggerMiddleware.func1","latency":168699,"level":"info","method":"POST","msg":"APIè¯·æ±‚å®Œæˆ","path":"/sdk","status":404,"time":"2025-03-12 19:29:10"}
{"client_ip":"121.199.174.166","file":"/root/aaa/backend/main.go:41","func":"main.RequestLoggerMiddleware.func1","level":"info","method":"GET","msg":"æ”¶åˆ°APIè¯·æ±‚","path":"/nmaplowercheck1741778950","request_id":"","time":"2025-03-12 19:29:10","user_agent":"Mozilla/5.0 (compatible; Nmap Scripting Engine; https://nmap.org/book/nse.html)"}
{"file":"/root/aaa/backend/main.go:264","func":"main.main.func1","level":"info","msg":"æ”¶åˆ°è·¨åŸŸè¯·æ±‚","origin":"","request_headers":{"Connection":["close"],"User-Agent":["Mozilla/5.0 (compatible; Nmap Scripting Engine; https://nmap.org/book/nse.html)"]},"request_method":"GET","request_path":"/nmaplowercheck1741778950","time":"2025-03-12 19:29:10"}
{"file":"/root/aaa/backend/main.go:289","func":"main.main.func1","level":"info","msg":"CORSè¯·æ±‚å¤„ç†å®Œæˆ","response_headers":{"Access-Control-Allow-Credentials":["true"],"Access-Control-Allow-Headers":["Origin, Content-Type, Content-Length, Accept-Encoding, X-CSRF-Token, Authorization, X-Request-ID"],"Access-Control-Allow-Methods":["GET, POST, PUT, DELETE, OPTIONS, HEAD"],"Access-Control-Allow-Origin":[""],"Access-Control-Max-Age":["86400"]},"status":404,"time":"2025-03-12 19:29:10"}
{"error_count":0,"file":"/root/aaa/backend/main.go:57","func":"main.RequestLoggerMiddleware.func1","latency":106865,"level":"info","method":"GET","msg":"APIè¯·æ±‚å®Œæˆ","path":"/nmaplowercheck1741778950","status":404,"time":"2025-03-12 19:29:10"}
{"client_ip":"121.199.174.166","file":"/root/aaa/backend/main.go:41","func":"main.RequestLoggerMiddleware.func1","level":"info","method":"GET","msg":"æ”¶åˆ°APIè¯·æ±‚","path":"/HNAP1","request_id":"","time":"2025-03-12 19:29:10","user_agent":"Mozilla/5.0 (compatible; Nmap Scripting Engine; https://nmap.org/book/nse.html)"}
{"file":"/root/aaa/backend/main.go:264","func":"main.main.func1","level":"info","msg":"æ”¶åˆ°è·¨åŸŸè¯·æ±‚","origin":"","request_headers":{"Connection":["close"],"User-Agent":["Mozilla/5.0 (compatible; Nmap Scripting Engine; https://nmap.org/book/nse.html)"]},"request_method":"GET","request_path":"/HNAP1","time":"2025-03-12 19:29:10"}
{"file":"/root/aaa/backend/main.go:289","func":"main.main.func1","level":"info","msg":"CORSè¯·æ±‚å¤„ç†å®Œæˆ","response_headers":{"Access-Control-Allow-Credentials":["true"],"Access-Control-Allow-Headers":["Origin, Content-Type, Content-Length, Accept-Encoding, X-CSRF-Token, Authorization, X-Request-ID"],"Access-Control-Allow-Methods":["GET, POST, PUT, DELETE, OPTIONS, HEAD"],"Access-Control-Allow-Origin":[""],"Access-Control-Max-Age":["86400"]},"status":404,"time":"2025-03-12 19:29:10"}
{"error_count":0,"file":"/root/aaa/backend/main.go:57","func":"main.RequestLoggerMiddleware.func1","latency":153656,"level":"info","method":"GET","msg":"APIè¯·æ±‚å®Œæˆ","path":"/HNAP1","status":404,"time":"2025-03-12 19:29:10"}
{"client_ip":"121.199.174.166","file":"/root/aaa/backend/main.go:41","func":"main.RequestLoggerMiddleware.func1","level":"info","method":"GET","msg":"æ”¶åˆ°APIè¯·æ±‚","path":"/evox/about","request_id":"","time":"2025-03-12 19:29:10","user_agent":"Mozilla/5.0 (compatible; Nmap Scripting Engine; https://nmap.org/book/nse.html)"}
{"file":"/root/aaa/backend/main.go:264","func":"main.main.func1","level":"info","msg":"æ”¶åˆ°è·¨åŸŸè¯·æ±‚","origin":"","request_headers":{"Connection":["close"],"User-Agent":["Mozilla/5.0 (compatible; Nmap Scripting Engine; https://nmap.org/book/nse.html)"]},"request_method":"GET","request_path":"/evox/about","time":"2025-03-12 19:29:10"}
{"file":"/root/aaa/backend/main.go:289","func":"main.main.func1","level":"info","msg":"CORSè¯·æ±‚å¤„ç†å®Œæˆ","response_headers":{"Access-Control-Allow-Credentials":["true"],"Access-Control-Allow-Headers":["Origin, Content-Type, Content-Length, Accept-Encoding, X-CSRF-Token, Authorization, X-Request-ID"],"Access-Control-Allow-Methods":["GET, POST, PUT, DELETE, OPTIONS, HEAD"],"Access-Control-Allow-Origin":[""],"Access-Control-Max-Age":["86400"]},"status":404,"time":"2025-03-12 19:29:10"}
{"error_count":0,"file":"/root/aaa/backend/main.go:57","func":"main.RequestLoggerMiddleware.func1","latency":97993,"level":"info","method":"GET","msg":"APIè¯·æ±‚å®Œæˆ","path":"/evox/about","status":404,"time":"2025-03-12 19:29:10"}
{"client_ip":"121.199.174.166","file":"/root/aaa/backend/main.go:41","func":"main.RequestLoggerMiddleware.func1","level":"info","method":"GET","msg":"æ”¶åˆ°APIè¯·æ±‚","path":"/","request_id":"","time":"2025-03-12 19:29:20","user_agent":""}
{"file":"/root/aaa/backend/main.go:264","func":"main.main.func1","level":"info","msg":"æ”¶åˆ°è·¨åŸŸè¯·æ±‚","origin":"","request_headers":{},"request_method":"GET","request_path":"/","time":"2025-03-12 19:29:20"}
{"file":"/root/aaa/backend/main.go:289","func":"main.main.func1","level":"info","msg":"CORSè¯·æ±‚å¤„ç†å®Œæˆ","response_headers":{"Access-Control-Allow-Credentials":["true"],"Access-Control-Allow-Headers":["Origin, Content-Type, Content-Length, Accept-Encoding, X-CSRF-Token, Authorization, X-Request-ID"],"Access-Control-Allow-Methods":["GET, POST, PUT, DELETE, OPTIONS, HEAD"],"Access-Control-Allow-Origin":[""],"Access-Control-Max-Age":["86400"]},"status":404,"time":"2025-03-12 19:29:20"}
{"error_count":0,"file":"/root/aaa/backend/main.go:57","func":"main.RequestLoggerMiddleware.func1","latency":626473,"level":"info","method":"GET","msg":"APIè¯·æ±‚å®Œæˆ","path":"/","status":404,"time":"2025-03-12 19:29:20"}
{"client_ip":"207.154.246.188","file":"/root/aaa/backend/main.go:41","func":"main.RequestLoggerMiddleware.func1","level":"info","method":"GET","msg":"æ”¶åˆ°APIè¯·æ±‚","path":"/","request_id":"","time":"2025-03-12 19:29:46","user_agent":"Mozilla/5.0 (Windows NT 10.0; Win64; x64) AppleWebKit/537.36 (KHTML, like Gecko) Chrome/108.0.0.0 Safari/537.36"}
{"file":"/root/aaa/backend/main.go:264","func":"main.main.func1","level":"info","msg":"æ”¶åˆ°è·¨åŸŸè¯·æ±‚","origin":"","request_headers":{"Accept":["*/*"],"Accept-Encoding":["gzip"],"User-Agent":["Mozilla/5.0 (Windows NT 10.0; Win64; x64) AppleWebKit/537.36 (KHTML, like Gecko) Chrome/108.0.0.0 Safari/537.36"]},"request_method":"GET","request_path":"/","time":"2025-03-12 19:29:46"}
{"file":"/root/aaa/backend/main.go:289","func":"main.main.func1","level":"info","msg":"CORSè¯·æ±‚å¤„ç†å®Œæˆ","response_headers":{"Access-Control-Allow-Credentials":["true"],"Access-Control-Allow-Headers":["Origin, Content-Type, Content-Length, Accept-Encoding, X-CSRF-Token, Authorization, X-Request-ID"],"Access-Control-Allow-Methods":["GET, POST, PUT, DELETE, OPTIONS, HEAD"],"Access-Control-Allow-Origin":[""],"Access-Control-Max-Age":["86400"]},"status":404,"time":"2025-03-12 19:29:46"}
{"error_count":0,"file":"/root/aaa/backend/main.go:57","func":"main.RequestLoggerMiddleware.func1","latency":173328,"level":"info","method":"GET","msg":"APIè¯·æ±‚å®Œæˆ","path":"/","status":404,"time":"2025-03-12 19:29:46"}
{"client_ip":"8.219.48.126","file":"/root/aaa/backend/main.go:41","func":"main.RequestLoggerMiddleware.func1","level":"info","method":"GET","msg":"æ”¶åˆ°APIè¯·æ±‚","path":"/","request_id":"","time":"2025-03-12 19:59:44","user_agent":""}
{"file":"/root/aaa/backend/main.go:264","func":"main.main.func1","level":"info","msg":"æ”¶åˆ°è·¨åŸŸè¯·æ±‚","origin":"","request_headers":{},"request_method":"GET","request_path":"/","time":"2025-03-12 19:59:44"}
{"file":"/root/aaa/backend/main.go:289","func":"main.main.func1","level":"info","msg":"CORSè¯·æ±‚å¤„ç†å®Œæˆ","response_headers":{"Access-Control-Allow-Credentials":["true"],"Access-Control-Allow-Headers":["Origin, Content-Type, Content-Length, Accept-Encoding, X-CSRF-Token, Authorization, X-Request-ID"],"Access-Control-Allow-Methods":["GET, POST, PUT, DELETE, OPTIONS, HEAD"],"Access-Control-Allow-Origin":[""],"Access-Control-Max-Age":["86400"]},"status":404,"time":"2025-03-12 19:59:44"}
{"error_count":0,"file":"/root/aaa/backend/main.go:57","func":"main.RequestLoggerMiddleware.func1","latency":205563,"level":"info","method":"GET","msg":"APIè¯·æ±‚å®Œæˆ","path":"/","status":404,"time":"2025-03-12 19:59:44"}
{"client_ip":"8.219.48.126","file":"/root/aaa/backend/main.go:41","func":"main.RequestLoggerMiddleware.func1","level":"info","method":"GET","msg":"æ”¶åˆ°APIè¯·æ±‚","path":"/","request_id":"","time":"2025-03-12 19:59:44","user_agent":"Mozilla/5.0 (Macintosh; Intel Mac OS X 10_14_6) AppleWebKit/537.36 (KHTML, like Gecko) Chrome/76.0.3809.132 Safari/537.36"}
{"file":"/root/aaa/backend/main.go:264","func":"main.main.func1","level":"info","msg":"æ”¶åˆ°è·¨åŸŸè¯·æ±‚","origin":"","request_headers":{"Accept":["text/html,application/xhtml+xml,application/xml;q=0.9,image/webp,image/apng,*/*;q=0.8,application/signed-exchange;v=b3"],"Accept-Encoding":["gzip, deflate"],"Accept-Language":["zh-CN,zh;q=0.9"],"Connection":["close"],"User-Agent":["Mozilla/5.0 (Macintosh; Intel Mac OS X 10_14_6) AppleWebKit/537.36 (KHTML, like Gecko) Chrome/76.0.3809.132 Safari/537.36"]},"request_method":"GET","request_path":"/","time":"2025-03-12 19:59:44"}
{"file":"/root/aaa/backend/main.go:289","func":"main.main.func1","level":"info","msg":"CORSè¯·æ±‚å¤„ç†å®Œæˆ","response_headers":{"Access-Control-Allow-Credentials":["true"],"Access-Control-Allow-Headers":["Origin, Content-Type, Content-Length, Accept-Encoding, X-CSRF-Token, Authorization, X-Request-ID"],"Access-Control-Allow-Methods":["GET, POST, PUT, DELETE, OPTIONS, HEAD"],"Access-Control-Allow-Origin":[""],"Access-Control-Max-Age":["86400"]},"status":404,"time":"2025-03-12 19:59:44"}
{"error_count":0,"file":"/root/aaa/backend/main.go:57","func":"main.RequestLoggerMiddleware.func1","latency":163021,"level":"info","method":"GET","msg":"APIè¯·æ±‚å®Œæˆ","path":"/","status":404,"time":"2025-03-12 19:59:44"}
{"client_ip":"8.219.48.126","file":"/root/aaa/backend/main.go:41","func":"main.RequestLoggerMiddleware.func1","level":"info","method":"GET","msg":"æ”¶åˆ°APIè¯·æ±‚","path":"/favicon.ico","request_id":"","time":"2025-03-12 19:59:46","user_agent":"fasthttp"}
{"file":"/root/aaa/backend/main.go:264","func":"main.main.func1","level":"info","msg":"æ”¶åˆ°è·¨åŸŸè¯·æ±‚","origin":"","request_headers":{"Connection":["close"],"User-Agent":["fasthttp"]},"request_method":"GET","request_path":"/favicon.ico","time":"2025-03-12 19:59:46"}
{"file":"/root/aaa/backend/main.go:289","func":"main.main.func1","level":"info","msg":"CORSè¯·æ±‚å¤„ç†å®Œæˆ","response_headers":{"Access-Control-Allow-Credentials":["true"],"Access-Control-Allow-Headers":["Origin, Content-Type, Content-Length, Accept-Encoding, X-CSRF-Token, Authorization, X-Request-ID"],"Access-Control-Allow-Methods":["GET, POST, PUT, DELETE, OPTIONS, HEAD"],"Access-Control-Allow-Origin":[""],"Access-Control-Max-Age":["86400"]},"status":404,"time":"2025-03-12 19:59:46"}
{"error_count":0,"file":"/root/aaa/backend/main.go:57","func":"main.RequestLoggerMiddleware.func1","latency":141062,"level":"info","method":"GET","msg":"APIè¯·æ±‚å®Œæˆ","path":"/favicon.ico","status":404,"time":"2025-03-12 19:59:46"}
{"client_ip":"125.122.15.51","file":"/root/aaa/backend/main.go:41","func":"main.RequestLoggerMiddleware.func1","level":"info","method":"GET","msg":"æ”¶åˆ°APIè¯·æ±‚","path":"/","request_id":"","time":"2025-03-12 20:00:33","user_agent":"Mozilla/5.0 (Macintosh; Intel Mac OS X 10_15_7) AppleWebKit/537.36 (KHTML, like Gecko) Chrome/96.0.4664.110 Safari/537.36"}
{"file":"/root/aaa/backend/main.go:264","func":"main.main.func1","level":"info","msg":"æ”¶åˆ°è·¨åŸŸè¯·æ±‚","origin":"","request_headers":{"Accept":["text/html,application/xhtml+xml,application/xml;q=0.9,image/avif,image/webp,image/apng,*/*;q=0.8,application/signed-exchange;v=b3;q=0.9"],"Accept-Encoding":["gzip"],"Accept-Language":["en;q=0.9"],"Cache-Control":["max-age=0"],"Dnt":["1"],"Sec-Gpc":["1"],"Upgrade-Insecure-Requests":["1"],"User-Agent":["Mozilla/5.0 (Macintosh; Intel Mac OS X 10_15_7) AppleWebKit/537.36 (KHTML, like Gecko) Chrome/96.0.4664.110 Safari/537.36"]},"request_method":"GET","request_path":"/","time":"2025-03-12 20:00:33"}
{"file":"/root/aaa/backend/main.go:289","func":"main.main.func1","level":"info","msg":"CORSè¯·æ±‚å¤„ç†å®Œæˆ","response_headers":{"Access-Control-Allow-Credentials":["true"],"Access-Control-Allow-Headers":["Origin, Content-Type, Content-Length, Accept-Encoding, X-CSRF-Token, Authorization, X-Request-ID"],"Access-Control-Allow-Methods":["GET, POST, PUT, DELETE, OPTIONS, HEAD"],"Access-Control-Allow-Origin":[""],"Access-Control-Max-Age":["86400"]},"status":404,"time":"2025-03-12 20:00:33"}
{"error_count":0,"file":"/root/aaa/backend/main.go:57","func":"main.RequestLoggerMiddleware.func1","latency":226730,"level":"info","method":"GET","msg":"APIè¯·æ±‚å®Œæˆ","path":"/","status":404,"time":"2025-03-12 20:00:33"}
{"file":"/root/aaa/backend/main.go:151","func":"main.initLogger","level":"info","msg":"æ—¥å¿—ç³»ç»Ÿåˆå§‹åŒ–å®Œæˆ","time":"2025-03-12 22:30:55"}
{"file":"/root/aaa/backend/main.go:152","func":"main.initLogger","level":"info","msg":"æ—¥å¿—æ–‡ä»¶è·¯å¾„: logs/multi-cloud-landing-zone-2025-03-12.log","time":"2025-03-12 22:30:55"}
2025/03/12 22:30:55 [INFO] æ—¥å¿—ç³»ç»Ÿåˆå§‹åŒ–æˆåŠŸï¼Œæ—¥å¿—æ–‡ä»¶: logs/multi-cloud-landing-zone-2025-03-12.log
{"file":"/root/aaa/backend/main.go:198","func":"main.main","level":"info","msg":"æ–°æ—¥å¿—ç³»ç»Ÿåˆå§‹åŒ–æˆåŠŸ","time":"2025-03-12 22:30:55"}
2025/03/12 22:30:55 [INFO] æ–°æ—¥å¿—ç³»ç»Ÿåˆå§‹åŒ–æˆåŠŸï¼Œä¸åŸæœ‰æ—¥å¿—ç³»ç»Ÿé›†æˆ
{"file":"/root/aaa/backend/main.go:207","func":"main.main","level":"info","msg":"ç¯å¢ƒå˜é‡åŠ è½½æˆåŠŸ","time":"2025-03-12 22:30:55"}
2025/03/12 22:30:55 [INFO] ç¯å¢ƒå˜é‡åŠ è½½æˆåŠŸ
2025/03/12 22:30:55 [DEBUG] ç¯å¢ƒå˜é‡é…ç½®: GIN_MODE=debug, PORT=3000, LOG_LEVEL=debug
{"file":"/root/aaa/backend/main.go:225","func":"main.main","level":"info","msg":"Ginè¿è¡Œåœ¨Debugæ¨¡å¼","time":"2025-03-12 22:30:55"}
2025/03/12 22:30:55 [INFO] Ginè¿è¡Œåœ¨Debugæ¨¡å¼
{"file":"/root/aaa/backend/main.go:241","func":"main.main","level":"info","msg":"Ginæ—¥å¿—æ–‡ä»¶è·¯å¾„: logs/gin-2025-03-12.log","time":"2025-03-12 22:30:55"}
2025/03/12 22:30:55 [INFO] Ginæ—¥å¿—æ–‡ä»¶è·¯å¾„: logs/gin-2025-03-12.log
{"file":"/root/aaa/backend/main.go:251","func":"main.main","level":"info","msg":"Ginè·¯ç”±åˆå§‹åŒ–å®Œæˆ","time":"2025-03-12 22:30:55"}
2025/03/12 22:30:55 [INFO] Ginè·¯ç”±åˆå§‹åŒ–å®Œæˆ
{"file":"/root/aaa/backend/main.go:292","func":"main.main","level":"info","msg":"CORSé…ç½®å®Œæˆ - ä½¿ç”¨å¢å¼ºçš„è‡ªå®šä¹‰ä¸­é—´ä»¶ï¼Œå…è®¸æ‰€æœ‰æ¥æºå¹¶æ”¯æŒå‡­è¯","time":"2025-03-12 22:30:55"}
2025/03/12 22:30:55 [INFO] CORSé…ç½®å®Œæˆ - ä½¿ç”¨å¢å¼ºçš„è‡ªå®šä¹‰ä¸­é—´ä»¶ï¼Œå…è®¸æ‰€æœ‰æ¥æºå¹¶æ”¯æŒå‡­è¯
{"file":"/root/aaa/backend/main.go:297","func":"main.main","level":"info","msg":"APIè·¯ç”±æ³¨å†Œå®Œæˆ","time":"2025-03-12 22:30:55"}
2025/03/12 22:30:55 [INFO] APIè·¯ç”±æ³¨å†Œå®Œæˆ
{"file":"/root/aaa/backend/main.go:307","func":"main.main","level":"info","msg":"ä½¿ç”¨é…ç½®ç«¯å£: 3000","time":"2025-03-12 22:30:55"}
2025/03/12 22:30:55 [INFO] ä½¿ç”¨é…ç½®ç«¯å£: 3000
{"file":"/root/aaa/backend/main.go:312","func":"main.main","level":"info","msg":"æœåŠ¡å™¨å¯åŠ¨åœ¨ http://0.0.0.0:3000 (å¯é€šè¿‡ http://10.168.0.5:3000 è®¿é—®)","time":"2025-03-12 22:30:55"}
2025/03/12 22:30:55 [INFO] æœåŠ¡å™¨å¯åŠ¨åœ¨ http://0.0.0.0:3000 (å¯é€šè¿‡ http://10.168.0.5:3000 è®¿é—®)
{"file":"/root/aaa/backend/main.go:151","func":"main.initLogger","level":"info","msg":"æ—¥å¿—ç³»ç»Ÿåˆå§‹åŒ–å®Œæˆ","time":"2025-03-12 22:36:56"}
{"file":"/root/aaa/backend/main.go:152","func":"main.initLogger","level":"info","msg":"æ—¥å¿—æ–‡ä»¶è·¯å¾„: logs/multi-cloud-landing-zone-2025-03-12.log","time":"2025-03-12 22:36:56"}
2025/03/12 22:36:56 [INFO] æ—¥å¿—ç³»ç»Ÿåˆå§‹åŒ–æˆåŠŸï¼Œæ—¥å¿—æ–‡ä»¶: logs/multi-cloud-landing-zone-2025-03-12.log
{"file":"/root/aaa/backend/main.go:198","func":"main.main","level":"info","msg":"æ–°æ—¥å¿—ç³»ç»Ÿåˆå§‹åŒ–æˆåŠŸ","time":"2025-03-12 22:36:56"}
2025/03/12 22:36:56 [INFO] æ–°æ—¥å¿—ç³»ç»Ÿåˆå§‹åŒ–æˆåŠŸï¼Œä¸åŸæœ‰æ—¥å¿—ç³»ç»Ÿé›†æˆ
{"file":"/root/aaa/backend/main.go:207","func":"main.main","level":"info","msg":"ç¯å¢ƒå˜é‡åŠ è½½æˆåŠŸ","time":"2025-03-12 22:36:56"}
2025/03/12 22:36:56 [INFO] ç¯å¢ƒå˜é‡åŠ è½½æˆåŠŸ
2025/03/12 22:36:56 [DEBUG] ç¯å¢ƒå˜é‡é…ç½®: GIN_MODE=release, PORT=3000, LOG_LEVEL=debug
{"file":"/root/aaa/backend/main.go:228","func":"main.main","level":"info","msg":"Ginè¿è¡Œåœ¨Releaseæ¨¡å¼","time":"2025-03-12 22:36:56"}
2025/03/12 22:36:56 [INFO] Ginè¿è¡Œåœ¨Releaseæ¨¡å¼
{"file":"/root/aaa/backend/main.go:241","func":"main.main","level":"info","msg":"Ginæ—¥å¿—æ–‡ä»¶è·¯å¾„: logs/gin-2025-03-12.log","time":"2025-03-12 22:36:56"}
2025/03/12 22:36:56 [INFO] Ginæ—¥å¿—æ–‡ä»¶è·¯å¾„: logs/gin-2025-03-12.log
{"file":"/root/aaa/backend/main.go:251","func":"main.main","level":"info","msg":"Ginè·¯ç”±åˆå§‹åŒ–å®Œæˆ","time":"2025-03-12 22:36:56"}
2025/03/12 22:36:56 [INFO] Ginè·¯ç”±åˆå§‹åŒ–å®Œæˆ
{"file":"/root/aaa/backend/main.go:292","func":"main.main","level":"info","msg":"CORSé…ç½®å®Œæˆ - ä½¿ç”¨å¢å¼ºçš„è‡ªå®šä¹‰ä¸­é—´ä»¶ï¼Œå…è®¸æ‰€æœ‰æ¥æºå¹¶æ”¯æŒå‡­è¯","time":"2025-03-12 22:36:56"}
2025/03/12 22:36:56 [INFO] CORSé…ç½®å®Œæˆ - ä½¿ç”¨å¢å¼ºçš„è‡ªå®šä¹‰ä¸­é—´ä»¶ï¼Œå…è®¸æ‰€æœ‰æ¥æºå¹¶æ”¯æŒå‡­è¯
{"file":"/root/aaa/backend/main.go:297","func":"main.main","level":"info","msg":"APIè·¯ç”±æ³¨å†Œå®Œæˆ","time":"2025-03-12 22:36:56"}
2025/03/12 22:36:56 [INFO] APIè·¯ç”±æ³¨å†Œå®Œæˆ
{"file":"/root/aaa/backend/main.go:307","func":"main.main","level":"info","msg":"ä½¿ç”¨é…ç½®ç«¯å£: 3000","time":"2025-03-12 22:36:56"}
2025/03/12 22:36:56 [INFO] ä½¿ç”¨é…ç½®ç«¯å£: 3000
{"file":"/root/aaa/backend/main.go:312","func":"main.main","level":"info","msg":"æœåŠ¡å™¨å¯åŠ¨åœ¨ http://0.0.0.0:3000 (å¯é€šè¿‡ http://10.168.0.5:3000 è®¿é—®)","time":"2025-03-12 22:36:56"}
2025/03/12 22:36:56 [INFO] æœåŠ¡å™¨å¯åŠ¨åœ¨ http://0.0.0.0:3000 (å¯é€šè¿‡ http://10.168.0.5:3000 è®¿é—®)
{"file":"/root/aaa/backend/main.go:153","func":"main.initLogger","level":"info","msg":"æ—¥å¿—ç³»ç»Ÿåˆå§‹åŒ–å®Œæˆ","time":"2025-03-12 23:11:04"}
{"file":"/root/aaa/backend/main.go:154","func":"main.initLogger","level":"info","msg":"æ—¥å¿—æ–‡ä»¶è·¯å¾„: logs/multi-cloud-landing-zone-2025-03-12.log","time":"2025-03-12 23:11:04"}
2025/03/12 23:11:04 [INFO] æ—¥å¿—ç³»ç»Ÿåˆå§‹åŒ–æˆåŠŸï¼Œæ—¥å¿—æ–‡ä»¶: logs/multi-cloud-landing-zone-2025-03-12.log
{"file":"/root/aaa/backend/main.go:200","func":"main.main","level":"info","msg":"æ–°æ—¥å¿—ç³»ç»Ÿåˆå§‹åŒ–æˆåŠŸ","time":"2025-03-12 23:11:04"}
2025/03/12 23:11:04 [INFO] æ–°æ—¥å¿—ç³»ç»Ÿåˆå§‹åŒ–æˆåŠŸï¼Œä¸åŸæœ‰æ—¥å¿—ç³»ç»Ÿé›†æˆ
{"file":"/root/aaa/backend/main.go:209","func":"main.main","level":"info","msg":"ç¯å¢ƒå˜é‡åŠ è½½æˆåŠŸ","time":"2025-03-12 23:11:04"}
2025/03/12 23:11:04 [INFO] ç¯å¢ƒå˜é‡åŠ è½½æˆåŠŸ
2025/03/12 23:11:04 [DEBUG] ç¯å¢ƒå˜é‡é…ç½®: GIN_MODE=release, PORT=3000, LOG_LEVEL=debug
{"file":"/root/aaa/backend/main.go:230","func":"main.main","level":"info","msg":"Ginè¿è¡Œåœ¨Releaseæ¨¡å¼","time":"2025-03-12 23:11:04"}
2025/03/12 23:11:04 [INFO] Ginè¿è¡Œåœ¨Releaseæ¨¡å¼
{"file":"/root/aaa/backend/main.go:243","func":"main.main","level":"info","msg":"Ginæ—¥å¿—æ–‡ä»¶è·¯å¾„: logs/gin-2025-03-12.log","time":"2025-03-12 23:11:04"}
2025/03/12 23:11:04 [INFO] Ginæ—¥å¿—æ–‡ä»¶è·¯å¾„: logs/gin-2025-03-12.log
{"file":"/root/aaa/backend/main.go:260","func":"main.main","level":"info","msg":"Ginè·¯ç”±åˆå§‹åŒ–å®Œæˆ","time":"2025-03-12 23:11:04"}
2025/03/12 23:11:04 [INFO] Ginè·¯ç”±åˆå§‹åŒ–å®Œæˆ
{"file":"/root/aaa/backend/main.go:301","func":"main.main","level":"info","msg":"CORSé…ç½®å®Œæˆ - ä½¿ç”¨å¢å¼ºçš„è‡ªå®šä¹‰ä¸­é—´ä»¶ï¼Œå…è®¸æ‰€æœ‰æ¥æºå¹¶æ”¯æŒå‡­è¯","time":"2025-03-12 23:11:04"}
2025/03/12 23:11:04 [INFO] CORSé…ç½®å®Œæˆ - ä½¿ç”¨å¢å¼ºçš„è‡ªå®šä¹‰ä¸­é—´ä»¶ï¼Œå…è®¸æ‰€æœ‰æ¥æºå¹¶æ”¯æŒå‡­è¯
{"file":"/root/aaa/backend/main.go:306","func":"main.main","level":"info","msg":"APIè·¯ç”±æ³¨å†Œå®Œæˆ","time":"2025-03-12 23:11:04"}
2025/03/12 23:11:04 [INFO] APIè·¯ç”±æ³¨å†Œå®Œæˆ
{"file":"/root/aaa/backend/main.go:316","func":"main.main","level":"info","msg":"ä½¿ç”¨é…ç½®ç«¯å£: 3000","time":"2025-03-12 23:11:04"}
2025/03/12 23:11:04 [INFO] ä½¿ç”¨é…ç½®ç«¯å£: 3000
{"file":"/root/aaa/backend/main.go:321","func":"main.main","level":"info","msg":"æœåŠ¡å™¨å¯åŠ¨åœ¨ http://0.0.0.0:3000 (å¯é€šè¿‡ http://10.168.0.5:3000 è®¿é—®)","time":"2025-03-12 23:11:04"}
2025/03/12 23:11:04 [INFO] æœåŠ¡å™¨å¯åŠ¨åœ¨ http://0.0.0.0:3000 (å¯é€šè¿‡ http://10.168.0.5:3000 è®¿é—®)
